#
# A fatal error has been detected by the Java Runtime Environment:
#
#  SIGBUS (0xa) at pc=0x000000010f8dce92, pid=1013, tid=20227
#
# JRE version: Java(TM) SE Runtime Environment (8.0_77-b03) (build 1.8.0_77-b03)
# Java VM: Java HotSpot(TM) 64-Bit Server VM (25.77-b03 mixed mode bsd-amd64 compressed oops)
# Problematic frame:
# C  [libzip.dylib+0x2e92]  newEntry+0x154
#
# Failed to write core dump. Core dumps have been disabled. To enable core dumping, try "ulimit -c unlimited" before starting Java again
#
# If you would like to submit a bug report, please visit:
#   http://bugreport.java.com/bugreport/crash.jsp
# The crash happened outside the Java Virtual Machine in native code.
# See problematic frame for where to report the bug.
#

---------------  T H R E A D  ---------------

Current thread (0x00007fd2bd113000):  JavaThread "AmqpProvider:(1):[amqp://localhost:5672]" daemon [_thread_in_native, id=20227, stack(0x000070000114d000,0x000070000124d000)]

siginfo: si_signo: 10 (SIGBUS), si_code: 2 (BUS_ADRERR), si_addr: 0x0000000128373745

Registers:
RAX=0x00007fd2bbe1cdd0, RBX=0x0000000128373739, RCX=0x0000000000000600, RDX=0x0000000000000000
RSP=0x0000700001249f70, RBP=0x0000700001249fd0, RSI=0x00007fd2bbd00000, RDI=0x000000010f62ba00
R8 =0x0000000000000004, R9 =0x00000000fc000000, R10=0x0000000000000002, R11=0x00007fd2bbd00000
R12=0x00007fd2bd854400, R13=0x00000000000099b0, R14=0x00000000c6de292a, R15=0x00007fd2bbf52bc0
RIP=0x000000010f8dce92, EFLAGS=0x0000000000010206, ERR=0x0000000000000004
  TRAPNO=0x000000000000000e

Top of Stack: (sp=0x0000700001249f70)
0x0000700001249f70:   0000700001249fa0 000000001131ae7d
0x0000700001249f80:   000070000124a000 0000700001249fd0
0x0000700001249f90:   0000700001249fb0 00007fd2bbe1cdd0
0x0000700001249fa0:   00007fd2bbd64b50 00007fd2bbe1cdd0
0x0000700001249fb0:   00007fd2bd854400 00000000000099b0
0x0000700001249fc0:   00000000c6de292a 00007fd2bbf52bc0
0x0000700001249fd0:   000070000124a030 000000010f8dd52d
0x0000700001249fe0:   000070000124a085 000070000124a084
0x0000700001249ff0:   0000003500000000 0000003601113000
0x000070000124a000:   000070000124a04e 000070000124a498
0x000070000124a010:   0000000000000036 000070000124a04e
0x000070000124a020:   00007fd2bbe1cdd0 00007fd2bd1131f8
0x000070000124a030:   000070000124a480 000000010f8dc238
0x000070000124a040:   000070000124a0a0 726f7fff00000001
0x000070000124a050:   6568636170612f67 72702f646970712f
0x000070000124a060:   716d612f6e6f746f 70736e6172742f70
0x000070000124a070:   74706d452f74726f 632e656d61724679
0x000070000124a080:   000000007373616c 000000000000003e
0x000070000124a090:   0000000000000000 00007fff9ca859a0
0x000070000124a0a0:   000070000124a490 00007fff9ca46653
0x000070000124a0b0:   00000000286b48d0 000000012863c7c0
0x000070000124a0c0:   00007000286b4870 00000001286b48b0
0x000070000124a0d0:   000000012865d128 000000012535a7b0
0x000070000124a0e0:   00000007251e55d8 00007000286c35f0
0x000070000124a0f0:   00000000286c3570 0000700028646938
0x000070000124a100:   000070000124a160 00007fff9ca3bed2
0x000070000124a110:   000070000124a2e8 000070000124a2d8
0x000070000124a120:   000000011080ab58 000070000124a2c8
0x000070000124a130:   000070000124a190 0000000000000000
0x000070000124a140:   000000011080ab5a 0000000000000043
0x000070000124a150:   0000000000000000 00007fff9ca859a0
0x000070000124a160:   000070000124a550 00007fff9ca46653 

Instructions: (pc=0x000000010f8dce92)
0x000000010f8dce72:   49 8b 7f 38 e8 5b 1b 00 00 4d 89 77 38 49 89 5f
0x000000010f8dce82:   40 4c 89 f0 48 85 c0 0f 84 11 05 00 00 48 89 c3
0x000000010f8dce92:   0f b6 43 0c 0f b6 4b 0d 48 c1 e1 08 48 01 c1 0f
0x000000010f8dcea2:   b6 43 0e 0f b6 53 0f 48 c1 e2 08 48 01 c2 48 c1 

Register to memory mapping:

RAX=0x00007fd2bbe1cdd0 is an unknown value
RBX=0x0000000128373739 is an unknown value
RCX=0x0000000000000600 is an unknown value
RDX=0x0000000000000000 is an unknown value
RSP=0x0000700001249f70 is pointing into the stack for thread: 0x00007fd2bd113000
RBP=0x0000700001249fd0 is pointing into the stack for thread: 0x00007fd2bd113000
RSI=0x00007fd2bbd00000 is an unknown value
RDI=0x000000010f62ba00 is an unknown value
R8 =0x0000000000000004 is an unknown value
R9 =0x00000000fc000000 is an unknown value
R10=0x0000000000000002 is an unknown value
R11=0x00007fd2bbd00000 is an unknown value
R12=0x00007fd2bd854400 is an unknown value
R13=0x00000000000099b0 is an unknown value
R14=0x00000000c6de292a is an unknown value
R15=0x00007fd2bbf52bc0 is an unknown value


Stack: [0x000070000114d000,0x000070000124d000],  sp=0x0000700001249f70,  free space=1011k
Native frames: (J=compiled Java code, j=interpreted, Vv=VM code, C=native code)
C  [libzip.dylib+0x2e92]  newEntry+0x154
C  [libzip.dylib+0x352d]  ZIP_GetEntry2+0xd4
C  [libzip.dylib+0x2238]  Java_java_util_zip_ZipFile_getEntry+0xcf
J 241  java.util.zip.ZipFile.getEntry(J[BZ)J (0 bytes) @ 0x0000000111321ece [0x0000000111321e00+0xce]
J 250 C1 java.util.zip.ZipFile.getEntry(Ljava/lang/String;)Ljava/util/zip/ZipEntry; (86 bytes) @ 0x000000011132d30c [0x000000011132d0a0+0x26c]
J 249 C1 java.util.jar.JarFile.getEntry(Ljava/lang/String;)Ljava/util/zip/ZipEntry; (22 bytes) @ 0x000000011132caa4 [0x000000011132ca20+0x84]
J 370 C2 sun.misc.URLClassPath$JarLoader.getResource(Ljava/lang/String;Z)Lsun/misc/Resource; (85 bytes) @ 0x0000000111395da0 [0x0000000111395b80+0x220]
J 223 C1 sun.misc.URLClassPath.getResource(Ljava/lang/String;Z)Lsun/misc/Resource; (83 bytes) @ 0x0000000111316fac [0x0000000111316e40+0x16c]
J 279 C1 java.net.URLClassLoader$1.run()Ljava/lang/Class; (63 bytes) @ 0x0000000111338dbc [0x0000000111338ba0+0x21c]
J 278 C1 java.net.URLClassLoader$1.run()Ljava/lang/Object; (5 bytes) @ 0x00000001113395cc [0x0000000111339540+0x8c]
v  ~StubRoutines::call_stub
V  [libjvm.dylib+0x2ea39e]
V  [libjvm.dylib+0x34a8c8]
J 277  java.security.AccessController.doPrivileged(Ljava/security/PrivilegedExceptionAction;Ljava/security/AccessControlContext;)Ljava/lang/Object; (0 bytes) @ 0x00000001113399d5 [0x0000000111339900+0xd5]
J 224 C1 java.net.URLClassLoader.findClass(Ljava/lang/String;)Ljava/lang/Class; (47 bytes) @ 0x000000011131dc94 [0x000000011131db00+0x194]
J 213 C1 java.lang.ClassLoader.loadClass(Ljava/lang/String;Z)Ljava/lang/Class; (122 bytes) @ 0x0000000111319764 [0x0000000111318e00+0x964]
J 259 C1 sun.misc.Launcher$AppClassLoader.loadClass(Ljava/lang/String;Z)Ljava/lang/Class; (85 bytes) @ 0x0000000111330ae4 [0x0000000111330140+0x9a4]
J 258 C1 java.lang.ClassLoader.loadClass(Ljava/lang/String;)Ljava/lang/Class; (7 bytes) @ 0x000000011132f004 [0x000000011132ef00+0x104]
v  ~StubRoutines::call_stub
V  [libjvm.dylib+0x2ea39e]
V  [libjvm.dylib+0x2eab2c]
V  [libjvm.dylib+0x2eac84]
V  [libjvm.dylib+0x533170]
V  [libjvm.dylib+0x532909]
V  [libjvm.dylib+0x53338c]
V  [libjvm.dylib+0x533a09]
V  [libjvm.dylib+0x1e0906]
V  [libjvm.dylib+0x1f0bca]
V  [libjvm.dylib+0x2e5d7b]
j  org.apache.qpid.proton.engine.impl.FrameParser.input(Ljava/nio/ByteBuffer;)V+1418
j  org.apache.qpid.proton.engine.impl.FrameParser.process()V+20
j  org.apache.qpid.proton.engine.impl.SaslImpl$SaslTransportWrapper.reallyProcessInput()V+175
j  org.apache.qpid.proton.engine.impl.SaslImpl$SaslTransportWrapper.process()V+12
j  org.apache.qpid.proton.engine.impl.HandshakeSniffingTransportWrapper.process()V+11
j  org.apache.qpid.proton.engine.impl.TransportImpl.process()V+23
j  org.apache.qpid.proton.engine.impl.TransportImpl.processInput()Lorg/apache/qpid/proton/engine/TransportResult;+1
j  org.apache.qpid.jms.provider.amqp.AmqpProvider$18.run()V+92
j  java.util.concurrent.Executors$RunnableAdapter.call()Ljava/lang/Object;+4
j  java.util.concurrent.FutureTask.run()V+42
j  java.util.concurrent.ScheduledThreadPoolExecutor$ScheduledFutureTask.access$201(Ljava/util/concurrent/ScheduledThreadPoolExecutor$ScheduledFutureTask;)V+1
j  java.util.concurrent.ScheduledThreadPoolExecutor$ScheduledFutureTask.run()V+30
j  java.util.concurrent.ThreadPoolExecutor.runWorker(Ljava/util/concurrent/ThreadPoolExecutor$Worker;)V+95
j  java.util.concurrent.ThreadPoolExecutor$Worker.run()V+5
j  java.lang.Thread.run()V+11
v  ~StubRoutines::call_stub
V  [libjvm.dylib+0x2ea39e]
V  [libjvm.dylib+0x2eab2c]
V  [libjvm.dylib+0x2eacd8]
V  [libjvm.dylib+0x345255]
V  [libjvm.dylib+0x560e03]
V  [libjvm.dylib+0x5624fe]
V  [libjvm.dylib+0x482eda]
C  [libsystem_pthread.dylib+0x399d]  _pthread_body+0x83
C  [libsystem_pthread.dylib+0x391a]  _pthread_body+0x0
C  [libsystem_pthread.dylib+0x1351]  thread_start+0xd
C  0x0000000000000000

Java frames: (J=compiled Java code, j=interpreted, Vv=VM code)
J 241  java.util.zip.ZipFile.getEntry(J[BZ)J (0 bytes) @ 0x0000000111321e58 [0x0000000111321e00+0x58]
J 250 C1 java.util.zip.ZipFile.getEntry(Ljava/lang/String;)Ljava/util/zip/ZipEntry; (86 bytes) @ 0x000000011132d30c [0x000000011132d0a0+0x26c]
J 249 C1 java.util.jar.JarFile.getEntry(Ljava/lang/String;)Ljava/util/zip/ZipEntry; (22 bytes) @ 0x000000011132caa4 [0x000000011132ca20+0x84]
J 370 C2 sun.misc.URLClassPath$JarLoader.getResource(Ljava/lang/String;Z)Lsun/misc/Resource; (85 bytes) @ 0x0000000111395da0 [0x0000000111395b80+0x220]
J 223 C1 sun.misc.URLClassPath.getResource(Ljava/lang/String;Z)Lsun/misc/Resource; (83 bytes) @ 0x0000000111316fac [0x0000000111316e40+0x16c]
J 279 C1 java.net.URLClassLoader$1.run()Ljava/lang/Class; (63 bytes) @ 0x0000000111338dbc [0x0000000111338ba0+0x21c]
J 278 C1 java.net.URLClassLoader$1.run()Ljava/lang/Object; (5 bytes) @ 0x00000001113395cc [0x0000000111339540+0x8c]
v  ~StubRoutines::call_stub
J 277  java.security.AccessController.doPrivileged(Ljava/security/PrivilegedExceptionAction;Ljava/security/AccessControlContext;)Ljava/lang/Object; (0 bytes) @ 0x0000000111339963 [0x0000000111339900+0x63]
J 224 C1 java.net.URLClassLoader.findClass(Ljava/lang/String;)Ljava/lang/Class; (47 bytes) @ 0x000000011131dc94 [0x000000011131db00+0x194]
J 213 C1 java.lang.ClassLoader.loadClass(Ljava/lang/String;Z)Ljava/lang/Class; (122 bytes) @ 0x0000000111319764 [0x0000000111318e00+0x964]
J 259 C1 sun.misc.Launcher$AppClassLoader.loadClass(Ljava/lang/String;Z)Ljava/lang/Class; (85 bytes) @ 0x0000000111330ae4 [0x0000000111330140+0x9a4]
J 258 C1 java.lang.ClassLoader.loadClass(Ljava/lang/String;)Ljava/lang/Class; (7 bytes) @ 0x000000011132f004 [0x000000011132ef00+0x104]
v  ~StubRoutines::call_stub
j  org.apache.qpid.proton.engine.impl.FrameParser.input(Ljava/nio/ByteBuffer;)V+1418
j  org.apache.qpid.proton.engine.impl.FrameParser.process()V+20
j  org.apache.qpid.proton.engine.impl.SaslImpl$SaslTransportWrapper.reallyProcessInput()V+175
j  org.apache.qpid.proton.engine.impl.SaslImpl$SaslTransportWrapper.process()V+12
j  org.apache.qpid.proton.engine.impl.HandshakeSniffingTransportWrapper.process()V+11
j  org.apache.qpid.proton.engine.impl.TransportImpl.process()V+23
j  org.apache.qpid.proton.engine.impl.TransportImpl.processInput()Lorg/apache/qpid/proton/engine/TransportResult;+1
j  org.apache.qpid.jms.provider.amqp.AmqpProvider$18.run()V+92
j  java.util.concurrent.Executors$RunnableAdapter.call()Ljava/lang/Object;+4
j  java.util.concurrent.FutureTask.run()V+42
j  java.util.concurrent.ScheduledThreadPoolExecutor$ScheduledFutureTask.access$201(Ljava/util/concurrent/ScheduledThreadPoolExecutor$ScheduledFutureTask;)V+1
j  java.util.concurrent.ScheduledThreadPoolExecutor$ScheduledFutureTask.run()V+30
j  java.util.concurrent.ThreadPoolExecutor.runWorker(Ljava/util/concurrent/ThreadPoolExecutor$Worker;)V+95
j  java.util.concurrent.ThreadPoolExecutor$Worker.run()V+5
j  java.lang.Thread.run()V+11
v  ~StubRoutines::call_stub

---------------  P R O C E S S  ---------------

Java Threads: ( => current thread )
  0x00007fd2bd9c5800 JavaThread "DestroyJavaVM" [_thread_blocked, id=5891, stack(0x000070000011a000,0x000070000021a000)]
  0x00007fd2bc8cf000 JavaThread "threadDeathWatcher-3-1" daemon [_thread_blocked, id=22275, stack(0x0000700001353000,0x0000700001453000)]
  0x00007fd2bd14a000 JavaThread "nioEventLoopGroup-2-1" [_thread_in_native, id=21775, stack(0x0000700001250000,0x0000700001350000)]
=>0x00007fd2bd113000 JavaThread "AmqpProvider:(1):[amqp://localhost:5672]" daemon [_thread_in_native, id=20227, stack(0x000070000114d000,0x000070000124d000)]
  0x00007fd2bd8af800 JavaThread "QpidJMS Connection Executor: ID:9df3ecae-4d39-4245-b5a3-c6a57dd7790a:1" [_thread_blocked, id=19715, stack(0x000070000104a000,0x000070000114a000)]
  0x00007fd2bd024000 JavaThread "Service Thread" daemon [_thread_blocked, id=18691, stack(0x0000700000e44000,0x0000700000f44000)]
  0x00007fd2bd83f800 JavaThread "C1 CompilerThread2" daemon [_thread_blocked, id=18179, stack(0x0000700000d41000,0x0000700000e41000)]
  0x00007fd2bc832800 JavaThread "C2 CompilerThread1" daemon [_thread_blocked, id=17667, stack(0x0000700000c3e000,0x0000700000d3e000)]
  0x00007fd2bc831000 JavaThread "C2 CompilerThread0" daemon [_thread_blocked, id=17155, stack(0x0000700000b3b000,0x0000700000c3b000)]
  0x00007fd2bc809800 JavaThread "Signal Dispatcher" daemon [_thread_blocked, id=13839, stack(0x0000700000a38000,0x0000700000b38000)]
  0x00007fd2bd83d800 JavaThread "Finalizer" daemon [_thread_blocked, id=12291, stack(0x000070000082f000,0x000070000092f000)]
  0x00007fd2bd83b000 JavaThread "Reference Handler" daemon [_thread_blocked, id=11779, stack(0x000070000072c000,0x000070000082c000)]

Other Threads:
  0x00007fd2bd836000 VMThread [stack: 0x0000700000629000,0x0000700000729000] [id=11267]
  0x00007fd2bd829800 WatcherThread [stack: 0x0000700000f47000,0x0000700001047000] [id=19203]

VM state:not at safepoint (normal execution)

VM Mutex/Monitor currently owned by a thread: None

Heap:
 PSYoungGen      total 38400K, used 28912K [0x0000000795580000, 0x0000000798000000, 0x00000007c0000000)
  eden space 33280K, 71% used [0x0000000795580000,0x0000000796cc28b0,0x0000000797600000)
  from space 5120K, 99% used [0x0000000797600000,0x0000000797af97f0,0x0000000797b00000)
  to   space 5120K, 0% used [0x0000000797b00000,0x0000000797b00000,0x0000000798000000)
 ParOldGen       total 87552K, used 262K [0x0000000740000000, 0x0000000745580000, 0x0000000795580000)
  object space 87552K, 0% used [0x0000000740000000,0x0000000740041948,0x0000000745580000)
 Metaspace       used 11990K, capacity 12128K, committed 12416K, reserved 1060864K
  class space    used 1530K, capacity 1592K, committed 1664K, reserved 1048576K

Card table byte_map: [0x000000012054f000,0x0000000120950000] byte_map_base: 0x000000011cb4f000

Marking Bits: (ParMarkBitMap*) 0x0000000110ae3ea0
 Begin Bits: [0x0000000120bfb000, 0x0000000122bfb000)
 End Bits:   [0x0000000122bfb000, 0x0000000124bfb000)

Polling page: 0x000000010f8d0000

CodeCache: size=245760Kb used=2690Kb max_used=2690Kb free=243069Kb
 bounds [0x000000011118f000, 0x000000011143f000, 0x000000012018f000]
 total_blobs=1044 nmethods=705 adapters=253
 compilation: enabled

Compilation events (10 events):
Event: 19.830 Thread 0x00007fd2bd83f800  701       1       java.nio.channels.spi.AbstractSelector::cancelledKeys (5 bytes)
Event: 19.830 Thread 0x00007fd2bd83f800 nmethod 701 0x000000011142e950 code [0x000000011142eaa0, 0x000000011142ebb0]
Event: 23.322 Thread 0x00007fd2bd83f800  703       1       java.nio.Buffer::remaining (10 bytes)
Event: 23.323 Thread 0x00007fd2bd83f800 nmethod 703 0x000000011142ec10 code [0x000000011142ed60, 0x000000011142ee70]
Event: 23.323 Thread 0x00007fd2bd83f800  702       3       org.apache.qpid.proton.engine.impl.TransportImpl::processTransportWork (102 bytes)
Event: 23.324 Thread 0x00007fd2bd83f800 nmethod 702 0x000000011142eed0 code [0x000000011142f100, 0x000000011142fcf8]
Event: 23.324 Thread 0x00007fd2bd83f800  704       1       io.netty.util.Recycler$WeakOrderQueue$Link::access$1400 (5 bytes)
Event: 23.324 Thread 0x00007fd2bd83f800 nmethod 704 0x0000000111430150 code [0x00000001114302a0, 0x0000000111430390]
Event: 30.807 Thread 0x00007fd2bd83f800  705       1       java.nio.channels.spi.AbstractInterruptibleChannel::isOpen (5 bytes)
Event: 30.807 Thread 0x00007fd2bd83f800 nmethod 705 0x0000000111430410 code [0x0000000111430560, 0x0000000111430670]

GC Heap History (2 events):
Event: 0.753 GC heap before
{Heap before GC invocations=1 (full 0):
 PSYoungGen      total 38400K, used 21432K [0x0000000795580000, 0x0000000798000000, 0x00000007c0000000)
  eden space 33280K, 64% used [0x0000000795580000,0x0000000796a6e308,0x0000000797600000)
  from space 5120K, 0% used [0x0000000797b00000,0x0000000797b00000,0x0000000798000000)
  to   space 5120K, 0% used [0x0000000797600000,0x0000000797600000,0x0000000797b00000)
 ParOldGen       total 87552K, used 0K [0x0000000740000000, 0x0000000745580000, 0x0000000795580000)
  object space 87552K, 0% used [0x0000000740000000,0x0000000740000000,0x0000000745580000)
 Metaspace       used 10356K, capacity 10528K, committed 10624K, reserved 1058816K
  class space    used 1310K, capacity 1400K, committed 1408K, reserved 1048576K
Event: 0.760 GC heap after
Heap after GC invocations=1 (full 0):
 PSYoungGen      total 38400K, used 5093K [0x0000000795580000, 0x0000000798000000, 0x00000007c0000000)
  eden space 33280K, 0% used [0x0000000795580000,0x0000000795580000,0x0000000797600000)
  from space 5120K, 99% used [0x0000000797600000,0x0000000797af97f0,0x0000000797b00000)
  to   space 5120K, 0% used [0x0000000797b00000,0x0000000797b00000,0x0000000798000000)
 ParOldGen       total 87552K, used 262K [0x0000000740000000, 0x0000000745580000, 0x0000000795580000)
  object space 87552K, 0% used [0x0000000740000000,0x0000000740041948,0x0000000745580000)
 Metaspace       used 10356K, capacity 10528K, committed 10624K, reserved 1058816K
  class space    used 1310K, capacity 1400K, committed 1408K, reserved 1048576K
}

Deoptimization events (3 events):
Event: 0.667 Thread 0x00007fd2bd113000 Uncommon trap: reason=unstable_if action=reinterpret pc=0x00000001113b3d08 method=java.util.HashMap.getNode(ILjava/lang/Object;)Ljava/util/HashMap$Node; @ 116
Event: 0.669 Thread 0x00007fd2bd113000 Uncommon trap: reason=unstable_if action=reinterpret pc=0x00000001113ac0ac method=java.util.HashMap.getNode(ILjava/lang/Object;)Ljava/util/HashMap$Node; @ 116
Event: 0.895 Thread 0x00007fd2bc80c800 Uncommon trap: reason=unstable_if action=reinterpret pc=0x0000000111352df8 method=java.lang.String.replace(CC)Ljava/lang/String; @ 26

Internal exceptions (10 events):
Event: 0.418 Thread 0x00007fd2bd113000 Exception <a 'java/lang/UnsatisfiedLinkError': io.netty.channel.epoll.Native.offsetofEpollData()I> (0x000000079601f180) thrown at [/Users/java_re/workspace/8-2-build-macosx-x86_64/jdk8u77/6540/hotspot/src/share/vm/prims/nativeLookup.cpp, line 378]
Event: 0.422 Thread 0x00007fd2bd113000 Exception <a 'java/lang/NoClassDefFoundError': org/apache/log4j/Priority> (0x000000079603c908) thrown at [/Users/java_re/workspace/8-2-build-macosx-x86_64/jdk8u77/6540/hotspot/src/share/vm/classfile/systemDictionary.cpp, line 199]
Event: 0.423 Thread 0x00007fd2bd113000 Exception <a 'java/lang/ExceptionInInitializerError'> (0x000000079604a8e0) thrown at [/Users/java_re/workspace/8-2-build-macosx-x86_64/jdk8u77/6540/hotspot/src/share/vm/oops/instanceKlass.cpp, line 953]
Event: 0.457 Thread 0x00007fd2bd113000 Exception <a 'java/lang/ClassCastException': sun.misc.Cleaner cannot be cast to java.lang.Runnable> (0x00000007961647b0) thrown at [/Users/java_re/workspace/8-2-build-macosx-x86_64/jdk8u77/6540/hotspot/src/share/vm/interpreter/interpreterRuntime.cpp, line
Event: 0.657 Thread 0x00007fd2bd113000 Exception <a 'java/lang/NoSuchFieldError': method resolution failed> (0x00000007966dd300) thrown at [/Users/java_re/workspace/8-2-build-macosx-x86_64/jdk8u77/6540/hotspot/src/share/vm/prims/methodHandles.cpp, line 1146]
Event: 0.659 Thread 0x00007fd2bd113000 Exception <a 'java/lang/NoSuchFieldError': method resolution failed> (0x00000007966eae00) thrown at [/Users/java_re/workspace/8-2-build-macosx-x86_64/jdk8u77/6540/hotspot/src/share/vm/prims/methodHandles.cpp, line 1146]
Event: 0.700 Thread 0x00007fd2bd14a000 Exception <a 'java/lang/ArrayIndexOutOfBoundsException'> (0x00000007967e0358) thrown at [/Users/java_re/workspace/8-2-build-macosx-x86_64/jdk8u77/6540/hotspot/src/share/vm/runtime/sharedRuntime.cpp, line 605]
Event: 0.700 Thread 0x00007fd2bd14a000 Exception <a 'java/lang/ArrayIndexOutOfBoundsException'> (0x00000007967e1570) thrown at [/Users/java_re/workspace/8-2-build-macosx-x86_64/jdk8u77/6540/hotspot/src/share/vm/runtime/sharedRuntime.cpp, line 605]
Event: 0.700 Thread 0x00007fd2bd14a000 Exception <a 'java/lang/ArrayIndexOutOfBoundsException'> (0x00000007967e2fa0) thrown at [/Users/java_re/workspace/8-2-build-macosx-x86_64/jdk8u77/6540/hotspot/src/share/vm/runtime/sharedRuntime.cpp, line 605]
Event: 3.920 Thread 0x00007fd2bc80c800 Exception <a 'java/lang/NullPointerException'> (0x0000000796c4a1f0) thrown at [/Users/java_re/workspace/8-2-build-macosx-x86_64/jdk8u77/6540/hotspot/src/share/vm/interpreter/linkResolver.cpp, line 1280]

Events (10 events):
Event: 3.921 loading class java/lang/Throwable$WrappedPrintStream
Event: 3.921 loading class java/lang/Throwable$PrintStreamOrWriter
Event: 3.921 loading class java/lang/Throwable$PrintStreamOrWriter done
Event: 3.921 loading class java/lang/Throwable$WrappedPrintStream done
Event: 3.921 Thread 0x00007fd2bc80c800 Thread exited: 0x00007fd2bc80c800
Event: 3.921 Thread 0x00007fd2bd9c5800 Thread added: 0x00007fd2bd9c5800
Event: 4.121 Executing VM operation: EnableBiasedLocking
Event: 4.121 Executing VM operation: EnableBiasedLocking done
Event: 30.807 loading class org/apache/qpid/proton/amqp/transport/EmptyFrame
Event: 30.807 loading class org/apache/qpid/proton/amqp/transport/EmptyFrame done


Dynamic libraries:
0x000000000939a000 	/System/Library/Frameworks/Cocoa.framework/Versions/A/Cocoa
0x000000000939a000 	/System/Library/Frameworks/Security.framework/Versions/A/Security
0x000000000939a000 	/System/Library/Frameworks/ApplicationServices.framework/Versions/A/ApplicationServices
0x000000000939a000 	/usr/lib/libz.1.dylib
0x000000000939a000 	/usr/lib/libSystem.B.dylib
0x000000000939a000 	/usr/lib/libobjc.A.dylib
0x000000000939a000 	/System/Library/Frameworks/CoreFoundation.framework/Versions/A/CoreFoundation
0x000000000939a000 	/System/Library/Frameworks/Foundation.framework/Versions/C/Foundation
0x000000000939a000 	/System/Library/Frameworks/AppKit.framework/Versions/C/AppKit
0x000000000939a000 	/System/Library/Frameworks/CoreData.framework/Versions/A/CoreData
0x000000000939a000 	/System/Library/PrivateFrameworks/RemoteViewServices.framework/Versions/A/RemoteViewServices
0x000000000939a000 	/System/Library/PrivateFrameworks/UIFoundation.framework/Versions/A/UIFoundation
0x000000000939a000 	/usr/lib/libScreenReader.dylib
0x000000000939a000 	/System/Library/Frameworks/Accelerate.framework/Versions/A/Accelerate
0x000000000939a000 	/System/Library/Frameworks/IOSurface.framework/Versions/A/IOSurface
0x000000000939a000 	/System/Library/Frameworks/AudioToolbox.framework/Versions/A/AudioToolbox
0x000000000939a000 	/System/Library/Frameworks/AudioUnit.framework/Versions/A/AudioUnit
0x000000000939a000 	/System/Library/PrivateFrameworks/DataDetectorsCore.framework/Versions/A/DataDetectorsCore
0x000000000939a000 	/System/Library/PrivateFrameworks/DesktopServicesPriv.framework/Versions/A/DesktopServicesPriv
0x000000000939a000 	/System/Library/Frameworks/Carbon.framework/Versions/A/Frameworks/HIToolbox.framework/Versions/A/HIToolbox
0x000000000939a000 	/System/Library/Frameworks/QuartzCore.framework/Versions/A/QuartzCore
0x000000000939a000 	/System/Library/Frameworks/Carbon.framework/Versions/A/Frameworks/SpeechRecognition.framework/Versions/A/SpeechRecognition
0x000000000939a000 	/usr/lib/libauto.dylib
0x000000000939a000 	/usr/lib/libicucore.A.dylib
0x000000000939a000 	/usr/lib/libxml2.2.dylib
0x000000000939a000 	/System/Library/PrivateFrameworks/CoreUI.framework/Versions/A/CoreUI
0x000000000939a000 	/System/Library/Frameworks/CoreAudio.framework/Versions/A/CoreAudio
0x000000000939a000 	/System/Library/Frameworks/DiskArbitration.framework/Versions/A/DiskArbitration
0x000000000939a000 	/usr/lib/liblangid.dylib
0x000000000939a000 	/System/Library/PrivateFrameworks/MultitouchSupport.framework/Versions/A/MultitouchSupport
0x000000000939a000 	/System/Library/Frameworks/IOKit.framework/Versions/A/IOKit
0x000000000939a000 	/usr/lib/libDiagnosticMessagesClient.dylib
0x000000000939a000 	/System/Library/Frameworks/CoreServices.framework/Versions/A/CoreServices
0x000000000939a000 	/System/Library/PrivateFrameworks/PerformanceAnalysis.framework/Versions/A/PerformanceAnalysis
0x000000000939a000 	/System/Library/PrivateFrameworks/GenerationalStorage.framework/Versions/A/GenerationalStorage
0x000000000939a000 	/System/Library/Frameworks/OpenGL.framework/Versions/A/OpenGL
0x000000000939a000 	/System/Library/PrivateFrameworks/Sharing.framework/Versions/A/Sharing
0x000000000939a000 	/System/Library/Frameworks/CoreGraphics.framework/Versions/A/CoreGraphics
0x000000000939a000 	/System/Library/Frameworks/CoreImage.framework/Versions/A/CoreImage
0x000000000939a000 	/System/Library/Frameworks/CoreText.framework/Versions/A/CoreText
0x000000000939a000 	/System/Library/Frameworks/ImageIO.framework/Versions/A/ImageIO
0x000000000939a000 	/System/Library/PrivateFrameworks/Backup.framework/Versions/A/Backup
0x000000000939a000 	/usr/lib/libextension.dylib
0x000000000939a000 	/usr/lib/libarchive.2.dylib
0x000000000939a000 	/System/Library/Frameworks/CFNetwork.framework/Versions/A/CFNetwork
0x000000000939a000 	/System/Library/Frameworks/SystemConfiguration.framework/Versions/A/SystemConfiguration
0x000000000939a000 	/usr/lib/libCRFSuite.dylib
0x000000000939a000 	/usr/lib/libc++.1.dylib
0x000000000939a000 	/usr/lib/libc++abi.dylib
0x000000000939a000 	/usr/lib/system/libcache.dylib
0x000000000939a000 	/usr/lib/system/libcommonCrypto.dylib
0x000000000939a000 	/usr/lib/system/libcompiler_rt.dylib
0x000000000939a000 	/usr/lib/system/libcopyfile.dylib
0x000000000939a000 	/usr/lib/system/libcorecrypto.dylib
0x000000000939a000 	/usr/lib/system/libdispatch.dylib
0x000000000939a000 	/usr/lib/system/libdyld.dylib
0x000000000939a000 	/usr/lib/system/libkeymgr.dylib
0x000000000939a000 	/usr/lib/system/liblaunch.dylib
0x000000000939a000 	/usr/lib/system/libmacho.dylib
0x000000000939a000 	/usr/lib/system/libquarantine.dylib
0x000000000939a000 	/usr/lib/system/libremovefile.dylib
0x000000000939a000 	/usr/lib/system/libsystem_asl.dylib
0x000000000939a000 	/usr/lib/system/libsystem_blocks.dylib
0x000000000939a000 	/usr/lib/system/libsystem_c.dylib
0x000000000939a000 	/usr/lib/system/libsystem_configuration.dylib
0x000000000939a000 	/usr/lib/system/libsystem_coreservices.dylib
0x000000000939a000 	/usr/lib/system/libsystem_coretls.dylib
0x000000000939a000 	/usr/lib/system/libsystem_dnssd.dylib
0x000000000939a000 	/usr/lib/system/libsystem_info.dylib
0x000000000939a000 	/usr/lib/system/libsystem_kernel.dylib
0x000000000939a000 	/usr/lib/system/libsystem_m.dylib
0x000000000939a000 	/usr/lib/system/libsystem_malloc.dylib
0x000000000939a000 	/usr/lib/system/libsystem_network.dylib
0x000000000939a000 	/usr/lib/system/libsystem_networkextension.dylib
0x000000000939a000 	/usr/lib/system/libsystem_notify.dylib
0x000000000939a000 	/usr/lib/system/libsystem_platform.dylib
0x000000000939a000 	/usr/lib/system/libsystem_pthread.dylib
0x000000000939a000 	/usr/lib/system/libsystem_sandbox.dylib
0x000000000939a000 	/usr/lib/system/libsystem_secinit.dylib
0x000000000939a000 	/usr/lib/system/libsystem_trace.dylib
0x000000000939a000 	/usr/lib/system/libunc.dylib
0x000000000939a000 	/usr/lib/system/libunwind.dylib
0x000000000939a000 	/usr/lib/system/libxpc.dylib
0x000000000939a000 	/usr/lib/libenergytrace.dylib
0x000000000939a000 	/usr/lib/libbsm.0.dylib
0x000000000939a000 	/usr/lib/system/libkxld.dylib
0x000000000939a000 	/usr/lib/libxar.1.dylib
0x000000000939a000 	/usr/lib/libsqlite3.dylib
0x000000000939a000 	/usr/lib/libpam.2.dylib
0x000000000939a000 	/usr/lib/libOpenScriptingUtil.dylib
0x000000000939a000 	/usr/lib/libbz2.1.0.dylib
0x000000000939a000 	/usr/lib/liblzma.5.dylib
0x000000000939a000 	/System/Library/Frameworks/CoreServices.framework/Versions/A/Frameworks/FSEvents.framework/Versions/A/FSEvents
0x000000000939a000 	/System/Library/Frameworks/CoreServices.framework/Versions/A/Frameworks/CarbonCore.framework/Versions/A/CarbonCore
0x000000000939a000 	/System/Library/Frameworks/CoreServices.framework/Versions/A/Frameworks/Metadata.framework/Versions/A/Metadata
0x000000000939a000 	/System/Library/Frameworks/CoreServices.framework/Versions/A/Frameworks/OSServices.framework/Versions/A/OSServices
0x000000000939a000 	/System/Library/Frameworks/CoreServices.framework/Versions/A/Frameworks/SearchKit.framework/Versions/A/SearchKit
0x000000000939a000 	/System/Library/Frameworks/CoreServices.framework/Versions/A/Frameworks/AE.framework/Versions/A/AE
0x000000000939a000 	/System/Library/Frameworks/CoreServices.framework/Versions/A/Frameworks/LaunchServices.framework/Versions/A/LaunchServices
0x000000000939a000 	/System/Library/Frameworks/CoreServices.framework/Versions/A/Frameworks/DictionaryServices.framework/Versions/A/DictionaryServices
0x000000000939a000 	/System/Library/Frameworks/CoreServices.framework/Versions/A/Frameworks/SharedFileList.framework/Versions/A/SharedFileList
0x000000000939a000 	/System/Library/Frameworks/NetFS.framework/Versions/A/NetFS
0x000000000939a000 	/System/Library/PrivateFrameworks/NetAuth.framework/Versions/A/NetAuth
0x000000000939a000 	/System/Library/PrivateFrameworks/login.framework/Versions/A/Frameworks/loginsupport.framework/Versions/A/loginsupport
0x000000000939a000 	/System/Library/PrivateFrameworks/TCC.framework/Versions/A/TCC
0x000000000939a000 	/usr/lib/libmecabra.dylib
0x000000000939a000 	/System/Library/Frameworks/ApplicationServices.framework/Versions/A/Frameworks/ATS.framework/Versions/A/ATS
0x000000000939a000 	/System/Library/Frameworks/ApplicationServices.framework/Versions/A/Frameworks/ColorSync.framework/Versions/A/ColorSync
0x000000000939a000 	/System/Library/Frameworks/ApplicationServices.framework/Versions/A/Frameworks/HIServices.framework/Versions/A/HIServices
0x000000000939a000 	/System/Library/Frameworks/ApplicationServices.framework/Versions/A/Frameworks/LangAnalysis.framework/Versions/A/LangAnalysis
0x000000000939a000 	/System/Library/Frameworks/ApplicationServices.framework/Versions/A/Frameworks/PrintCore.framework/Versions/A/PrintCore
0x000000000939a000 	/System/Library/Frameworks/ApplicationServices.framework/Versions/A/Frameworks/QD.framework/Versions/A/QD
0x000000000939a000 	/System/Library/Frameworks/ApplicationServices.framework/Versions/A/Frameworks/SpeechSynthesis.framework/Versions/A/SpeechSynthesis
0x000000000939a000 	/System/Library/Frameworks/Metal.framework/Versions/A/Metal
0x000000000939a000 	/System/Library/Frameworks/Accelerate.framework/Versions/A/Frameworks/vImage.framework/Versions/A/vImage
0x000000000939a000 	/System/Library/Frameworks/Accelerate.framework/Versions/A/Frameworks/vecLib.framework/Versions/A/vecLib
0x000000000939a000 	/System/Library/Frameworks/Accelerate.framework/Versions/A/Frameworks/vecLib.framework/Versions/A/libvDSP.dylib
0x000000000939a000 	/System/Library/Frameworks/Accelerate.framework/Versions/A/Frameworks/vecLib.framework/Versions/A/libvMisc.dylib
0x000000000939a000 	/System/Library/Frameworks/Accelerate.framework/Versions/A/Frameworks/vecLib.framework/Versions/A/libLAPACK.dylib
0x000000000939a000 	/System/Library/Frameworks/Accelerate.framework/Versions/A/Frameworks/vecLib.framework/Versions/A/libBLAS.dylib
0x000000000939a000 	/System/Library/Frameworks/Accelerate.framework/Versions/A/Frameworks/vecLib.framework/Versions/A/libLinearAlgebra.dylib
0x000000000939a000 	/System/Library/Frameworks/Accelerate.framework/Versions/A/Frameworks/vecLib.framework/Versions/A/libSparseBLAS.dylib
0x000000000939a000 	/System/Library/PrivateFrameworks/GPUCompiler.framework/libmetal_timestamp.dylib
0x000000000939a000 	/System/Library/Frameworks/OpenGL.framework/Versions/A/Libraries/libCoreFSCache.dylib
0x000000000939a000 	/System/Library/PrivateFrameworks/IOAccelerator.framework/Versions/A/IOAccelerator
0x000000000939a000 	/System/Library/Frameworks/ApplicationServices.framework/Versions/A/Frameworks/ATS.framework/Versions/A/Resources/libFontParser.dylib
0x000000000939a000 	/System/Library/Frameworks/ApplicationServices.framework/Versions/A/Frameworks/ATS.framework/Versions/A/Resources/libFontRegistry.dylib
0x000000000939a000 	/System/Library/PrivateFrameworks/AppleVPA.framework/Versions/A/AppleVPA
0x000000000939a000 	/System/Library/PrivateFrameworks/AppleJPEG.framework/Versions/A/AppleJPEG
0x000000000939a000 	/System/Library/Frameworks/ImageIO.framework/Versions/A/Resources/libJPEG.dylib
0x000000000939a000 	/System/Library/Frameworks/ImageIO.framework/Versions/A/Resources/libTIFF.dylib
0x000000000939a000 	/System/Library/Frameworks/ImageIO.framework/Versions/A/Resources/libPng.dylib
0x000000000939a000 	/System/Library/Frameworks/ImageIO.framework/Versions/A/Resources/libGIF.dylib
0x000000000939a000 	/System/Library/Frameworks/ImageIO.framework/Versions/A/Resources/libJP2.dylib
0x000000000939a000 	/System/Library/Frameworks/ImageIO.framework/Versions/A/Resources/libRadiance.dylib
0x000000000939a000 	/System/Library/Frameworks/CoreVideo.framework/Versions/A/CoreVideo
0x000000000939a000 	/System/Library/Frameworks/OpenGL.framework/Versions/A/Libraries/libGLU.dylib
0x000000000939a000 	/System/Library/Frameworks/OpenGL.framework/Versions/A/Libraries/libGFXShared.dylib
0x000000000939a000 	/System/Library/Frameworks/OpenGL.framework/Versions/A/Libraries/libGL.dylib
0x000000000939a000 	/System/Library/Frameworks/OpenGL.framework/Versions/A/Libraries/libGLImage.dylib
0x000000000939a000 	/System/Library/Frameworks/OpenGL.framework/Versions/A/Libraries/libCVMSPluginSupport.dylib
0x000000000939a000 	/System/Library/Frameworks/OpenGL.framework/Versions/A/Libraries/libCoreVMClient.dylib
0x000000000939a000 	/usr/lib/libcompression.dylib
0x000000000939a000 	/usr/lib/libcups.2.dylib
0x000000000939a000 	/System/Library/Frameworks/Kerberos.framework/Versions/A/Kerberos
0x000000000939a000 	/System/Library/Frameworks/GSS.framework/Versions/A/GSS
0x000000000939a000 	/usr/lib/libresolv.9.dylib
0x000000000939a000 	/usr/lib/libiconv.2.dylib
0x000000000939a000 	/System/Library/PrivateFrameworks/Heimdal.framework/Versions/A/Heimdal
0x000000000939a000 	/usr/lib/libheimdal-asn1.dylib
0x000000000939a000 	/System/Library/Frameworks/OpenDirectory.framework/Versions/A/OpenDirectory
0x000000000939a000 	/System/Library/PrivateFrameworks/CommonAuth.framework/Versions/A/CommonAuth
0x000000000939a000 	/System/Library/Frameworks/OpenDirectory.framework/Versions/A/Frameworks/CFOpenDirectory.framework/Versions/A/CFOpenDirectory
0x000000000939a000 	/System/Library/Frameworks/SecurityFoundation.framework/Versions/A/SecurityFoundation
0x000000000939a000 	/System/Library/PrivateFrameworks/LanguageModeling.framework/Versions/A/LanguageModeling
0x000000000939a000 	/usr/lib/libmarisa.dylib
0x000000000939a000 	/usr/lib/libChineseTokenizer.dylib
0x000000000939a000 	/usr/lib/libcmph.dylib
0x000000000939a000 	/System/Library/Frameworks/ServiceManagement.framework/Versions/A/ServiceManagement
0x000000000939a000 	/usr/lib/libxslt.1.dylib
0x000000000939a000 	/System/Library/Frameworks/Carbon.framework/Versions/A/Frameworks/Ink.framework/Versions/A/Ink
0x000000000939a000 	/usr/lib/libFosl_dynamic.dylib
0x000000000939a000 	/System/Library/PrivateFrameworks/FaceCore.framework/Versions/A/FaceCore
0x000000000939a000 	/System/Library/Frameworks/OpenCL.framework/Versions/A/OpenCL
0x000000000939a000 	/System/Library/PrivateFrameworks/CrashReporterSupport.framework/Versions/A/CrashReporterSupport
0x000000000939a000 	/System/Library/PrivateFrameworks/IconServices.framework/Versions/A/IconServices
0x000000000939a000 	/System/Library/PrivateFrameworks/Apple80211.framework/Versions/A/Apple80211
0x000000000939a000 	/System/Library/Frameworks/CoreWLAN.framework/Versions/A/CoreWLAN
0x000000000939a000 	/System/Library/Frameworks/IOBluetooth.framework/Versions/A/IOBluetooth
0x000000000939a000 	/System/Library/PrivateFrameworks/CoreWiFi.framework/Versions/A/CoreWiFi
0x000000000939a000 	/System/Library/Frameworks/CoreBluetooth.framework/Versions/A/CoreBluetooth
0x000000000939a000 	/System/Library/PrivateFrameworks/ChunkingLibrary.framework/Versions/A/ChunkingLibrary
0x000000000939a000 	/System/Library/PrivateFrameworks/DebugSymbols.framework/Versions/A/DebugSymbols
0x000000000939a000 	/System/Library/PrivateFrameworks/CoreSymbolication.framework/Versions/A/CoreSymbolication
0x000000000939a000 	/System/Library/PrivateFrameworks/Symbolication.framework/Versions/A/Symbolication
0x000000000939a000 	/System/Library/PrivateFrameworks/SpeechRecognitionCore.framework/Versions/A/SpeechRecognitionCore
0x0000000110200000 	/Library/Java/JavaVirtualMachines/jdk1.8.0_77.jdk/Contents/Home/jre/lib/server/libjvm.dylib
0x000000000939a000 	/usr/lib/libstdc++.6.dylib
0x000000010f88d000 	/Library/Java/JavaVirtualMachines/jdk1.8.0_77.jdk/Contents/Home/jre/lib/libverify.dylib
0x000000010f89b000 	/Library/Java/JavaVirtualMachines/jdk1.8.0_77.jdk/Contents/Home/jre/lib/libjava.dylib
0x000000010f8da000 	/Library/Java/JavaVirtualMachines/jdk1.8.0_77.jdk/Contents/Home/jre/lib/libzip.dylib
0x00000001269d5000 	/System/Library/Frameworks/JavaVM.framework/Frameworks/JavaRuntimeSupport.framework/JavaRuntimeSupport
0x00000001269f0000 	/System/Library/Frameworks/JavaVM.framework/Versions/A/Frameworks/JavaNativeFoundation.framework/Versions/A/JavaNativeFoundation
0x0000000126a05000 	/System/Library/Frameworks/JavaVM.framework/Versions/A/JavaVM
0x000000000939a000 	/System/Library/Frameworks/Carbon.framework/Versions/A/Carbon
0x0000000126a12000 	/System/Library/PrivateFrameworks/JavaLaunching.framework/Versions/A/JavaLaunching
0x000000000939a000 	/System/Library/Frameworks/Carbon.framework/Versions/A/Frameworks/CommonPanels.framework/Versions/A/CommonPanels
0x000000000939a000 	/System/Library/Frameworks/Carbon.framework/Versions/A/Frameworks/Help.framework/Versions/A/Help
0x000000000939a000 	/System/Library/Frameworks/Carbon.framework/Versions/A/Frameworks/ImageCapture.framework/Versions/A/ImageCapture
0x000000000939a000 	/System/Library/Frameworks/Carbon.framework/Versions/A/Frameworks/OpenScripting.framework/Versions/A/OpenScripting
0x000000000939a000 	/System/Library/Frameworks/Carbon.framework/Versions/A/Frameworks/Print.framework/Versions/A/Print
0x000000000939a000 	/System/Library/Frameworks/Carbon.framework/Versions/A/Frameworks/SecurityHI.framework/Versions/A/SecurityHI
0x000000012855d000 	/Library/Java/JavaVirtualMachines/jdk1.8.0_77.jdk/Contents/Home/jre/lib/libnet.dylib
0x00000001285bc000 	/Library/Java/JavaVirtualMachines/jdk1.8.0_77.jdk/Contents/Home/jre/lib/libnio.dylib
0x00000001285cc000 	/Library/Java/JavaVirtualMachines/jdk1.8.0_77.jdk/Contents/Home/jre/lib/libmanagement.dylib

VM Arguments:
java_command: com.gang.cc.Publisher
java_class_path (initial): target/amqp-example-0.1-SNAPSHOT.jar
Launcher Type: SUN_STANDARD

Environment Variables:
JAVA_HOME=/Library/Java/JavaVirtualMachines/jdk1.8.0_77.jdk/Contents/Home
PATH=/Users/gangshen/Downloads/apache-maven-3.3.9/bin:/usr/local/bin:/usr/bin:/bin:/usr/sbin:/sbin
SHELL=/bin/bash

Signal Handlers:
SIGSEGV: [libjvm.dylib+0x5a6855], sa_mask[0]=11111111011111110111111111111111, sa_flags=SA_ONSTACK|SA_RESTART|SA_SIGINFO
SIGBUS: [libjvm.dylib+0x5a6855], sa_mask[0]=11111111011111110111111111111111, sa_flags=SA_RESTART|SA_SIGINFO
SIGFPE: [libjvm.dylib+0x4804ec], sa_mask[0]=11111111011111110111111111111111, sa_flags=SA_RESTART|SA_SIGINFO
SIGPIPE: [libjvm.dylib+0x4804ec], sa_mask[0]=11111111011111110111111111111111, sa_flags=SA_RESTART|SA_SIGINFO
SIGXFSZ: [libjvm.dylib+0x4804ec], sa_mask[0]=11111111011111110111111111111111, sa_flags=SA_RESTART|SA_SIGINFO
SIGILL: [libjvm.dylib+0x4804ec], sa_mask[0]=11111111011111110111111111111111, sa_flags=SA_RESTART|SA_SIGINFO
SIGUSR1: SIG_DFL, sa_mask[0]=11011111011111100000000111000110, sa_flags=none
SIGUSR2: [libjvm.dylib+0x48000a], sa_mask[0]=00000000000000000000000000000000, sa_flags=SA_RESTART|SA_SIGINFO
SIGHUP: [libjvm.dylib+0x47e5e1], sa_mask[0]=11111111011111110111111111111111, sa_flags=SA_RESTART|SA_SIGINFO
SIGINT: [libjvm.dylib+0x47e5e1], sa_mask[0]=11111111011111110111111111111111, sa_flags=SA_RESTART|SA_SIGINFO
SIGTERM: [libjvm.dylib+0x47e5e1], sa_mask[0]=11111111011111110111111111111111, sa_flags=SA_RESTART|SA_SIGINFO
SIGQUIT: [libjvm.dylib+0x47e5e1], sa_mask[0]=11111111011111110111111111111111, sa_flags=SA_RESTART|SA_SIGINFO


---------------  S Y S T E M  ---------------

OS:Bsduname:Darwin 15.6.0 Darwin Kernel Version 15.6.0: Sun Jun  4 21:43:07 PDT 2017; root:xnu-3248.70.3~1/RELEASE_X86_64 x86_64
rlimit: STACK 8192k, CORE 0k, NPROC 709, NOFILE 10240, AS infinity
load average:2.04 1.66 1.58

CPU:total 4 (2 cores per cpu, 2 threads per core) family 6 model 61 stepping 4, cmov, cx8, fxsr, mmx, sse, sse2, sse3, ssse3, sse4.1, sse4.2, popcnt, avx, avx2, aes, clmul, erms, 3dnowpref, lzcnt, ht, tsc, tscinvbit, bmi1, bmi2, adx

Memory: 4k page, physical 8388608k(766816k free)

/proc/meminfo:


vm_info: Java HotSpot(TM) 64-Bit Server VM (25.77-b03) for bsd-amd64 JRE (1.8.0_77-b03), built on Mar 20 2016 22:14:03 by "java_re" with gcc 4.2.1 (Based on Apple Inc. build 5658) (LLVM build 2336.11.00)

time: Sat Aug 19 16:42:52 2017
elapsed time: 30 seconds (0d 0h 0m 30s)

