#
# A fatal error has been detected by the Java Runtime Environment:
#
#  SIGBUS (0xa) at pc=0x00000001038ffe92, pid=692, tid=20227
#
# JRE version: Java(TM) SE Runtime Environment (8.0_77-b03) (build 1.8.0_77-b03)
# Java VM: Java HotSpot(TM) 64-Bit Server VM (25.77-b03 mixed mode bsd-amd64 compressed oops)
# Problematic frame:
# C  [libzip.dylib+0x2e92]  newEntry+0x154
#
# Failed to write core dump. Core dumps have been disabled. To enable core dumping, try "ulimit -c unlimited" before starting Java again
#
# If you would like to submit a bug report, please visit:
#   http://bugreport.java.com/bugreport/crash.jsp
# The crash happened outside the Java Virtual Machine in native code.
# See problematic frame for where to report the bug.
#

---------------  T H R E A D  ---------------

Current thread (0x00007f8ce20da800):  JavaThread "AmqpProvider:(1):[amqp://localhost:5672]" daemon [_thread_in_native, id=20227, stack(0x000070000114d000,0x000070000124d000)]

siginfo: si_signo: 10 (SIGBUS), si_code: 2 (BUS_ADRERR), si_addr: 0x000000011c3a0422

Registers:
RAX=0x00007f8ce0f32810, RBX=0x000000011c3a0416, RCX=0x0000000000000100, RDX=0x0000000000000000
RSP=0x0000700001249c90, RBP=0x0000700001249cf0, RSI=0x00007f8ce0e00000, RDI=0x000000010364f400
R8 =0x0000000000000004, R9 =0x00000000fff00000, R10=0x000000010532cc18, R11=0x00006ff86a694d86
R12=0x00007f8ce2880400, R13=0x000000000000afb0, R14=0x000000001d09acaa, R15=0x00007f8ce0c3caf0
RIP=0x00000001038ffe92, EFLAGS=0x0000000000010202, ERR=0x0000000000000004
  TRAPNO=0x000000000000000e

Top of Stack: (sp=0x0000700001249c90)
0x0000700001249c90:   0000700001249cc0 0000000005323755
0x0000700001249ca0:   0000700001249d20 0000700001249cf0
0x0000700001249cb0:   0000700001249cd0 00007f8ce0f32810
0x0000700001249cc0:   00007f8ce0e1f8f0 00007f8ce0f32810
0x0000700001249cd0:   00007f8ce2880400 000000000000afb0
0x0000700001249ce0:   000000001d09acaa 00007f8ce0c3caf0
0x0000700001249cf0:   0000700001249d50 000000010390052d
0x0000700001249d00:   0000700001249da4 0000700001249da3
0x0000700001249d10:   0000003400000000 00000035010da800
0x0000700001249d20:   0000700001249d6e 000070000124a1b8
0x0000700001249d30:   0000000000000035 0000700001249d6e
0x0000700001249d40:   00007f8ce0f32810 00007f8ce20da9f8
0x0000700001249d50:   000070000124a1a0 00000001038ff238
0x0000700001249d60:   0000700001249dc0 726f7fff00000001
0x0000700001249d70:   6568636170612f67 72702f646970712f
0x0000700001249d80:   676e652f6e6f746f 6c706d692f656e69
0x0000700001249d90:   726576696c65442f 6c632e6c706d4979
0x0000700001249da0:   0000000100737361 000000000000003d
0x0000700001249db0:   0000000000000000 00007fff97ac09a0
0x0000700001249dc0:   000070000124a1b0 00007fff97a81653
0x0000700001249dd0:   0000000100000000 000000001c6db710
0x0000700001249de0:   00007f8c1c6db870 000070000124c27c
0x0000700001249df0:   000070000124c0d0 000070001c6d7d60
0x0000700001249e00:   00000001046dd47c 000070000124c370
0x0000700001249e10:   0000001800000027 0000000000000000
0x0000700001249e20:   0000700001249e80 00007fff97a76ed2
0x0000700001249e30:   000070000124a008 0000700001249ff8
0x0000700001249e40:   000000010480ab58 0000700001249fe8
0x0000700001249e50:   0000700001249eb0 0000000000000000
0x0000700001249e60:   000000010480ab5a 0000000000000042
0x0000700001249e70:   0000000000000000 00007fff97ac09a0
0x0000700001249e80:   000070000124a270 00007fff97a81653 

Instructions: (pc=0x00000001038ffe92)
0x00000001038ffe72:   49 8b 7f 38 e8 5b 1b 00 00 4d 89 77 38 49 89 5f
0x00000001038ffe82:   40 4c 89 f0 48 85 c0 0f 84 11 05 00 00 48 89 c3
0x00000001038ffe92:   0f b6 43 0c 0f b6 4b 0d 48 c1 e1 08 48 01 c1 0f
0x00000001038ffea2:   b6 43 0e 0f b6 53 0f 48 c1 e2 08 48 01 c2 48 c1 

Register to memory mapping:

RAX=0x00007f8ce0f32810 is an unknown value
RBX=0x000000011c3a0416 is an unknown value
RCX=0x0000000000000100 is an unknown value
RDX=0x0000000000000000 is an unknown value
RSP=0x0000700001249c90 is pointing into the stack for thread: 0x00007f8ce20da800
RBP=0x0000700001249cf0 is pointing into the stack for thread: 0x00007f8ce20da800
RSI=0x00007f8ce0e00000 is an unknown value
RDI=0x000000010364f400 is an unknown value
R8 =0x0000000000000004 is an unknown value
R9 =0x00000000fff00000 is an unknown value
R10=0x000000010532cc18 is at entry_point+88 in (nmethod*)0x000000010532ca50
R11=0x00006ff86a694d86 is an unknown value
R12=0x00007f8ce2880400 is an unknown value
R13=0x000000000000afb0 is an unknown value
R14=0x000000001d09acaa is an unknown value
R15=0x00007f8ce0c3caf0 is an unknown value


Stack: [0x000070000114d000,0x000070000124d000],  sp=0x0000700001249c90,  free space=1011k
Native frames: (J=compiled Java code, j=interpreted, Vv=VM code, C=native code)
C  [libzip.dylib+0x2e92]  newEntry+0x154
C  [libzip.dylib+0x352d]  ZIP_GetEntry2+0xd4
C  [libzip.dylib+0x2238]  Java_java_util_zip_ZipFile_getEntry+0xcf
J 233  java.util.zip.ZipFile.getEntry(J[BZ)J (0 bytes) @ 0x000000010532cc8e [0x000000010532cbc0+0xce]
J 188 C1 java.util.zip.ZipFile.getEntry(Ljava/lang/String;)Ljava/util/zip/ZipEntry; (86 bytes) @ 0x0000000105309f8c [0x0000000105309d20+0x26c]
J 250 C1 java.util.jar.JarFile.getEntry(Ljava/lang/String;)Ljava/util/zip/ZipEntry; (22 bytes) @ 0x0000000105332664 [0x00000001053325e0+0x84]
J 373 C2 sun.misc.URLClassPath$JarLoader.getResource(Ljava/lang/String;Z)Lsun/misc/Resource; (85 bytes) @ 0x000000010539d3a0 [0x000000010539d180+0x220]
J 218 C1 sun.misc.URLClassPath.getResource(Ljava/lang/String;Z)Lsun/misc/Resource; (83 bytes) @ 0x000000010532552c [0x00000001053253c0+0x16c]
J 272 C1 java.net.URLClassLoader$1.run()Ljava/lang/Class; (63 bytes) @ 0x000000010533cdbc [0x000000010533cba0+0x21c]
J 271 C1 java.net.URLClassLoader$1.run()Ljava/lang/Object; (5 bytes) @ 0x000000010533accc [0x000000010533ac40+0x8c]
v  ~StubRoutines::call_stub
V  [libjvm.dylib+0x2ea39e]  JavaCalls::call_helper(JavaValue*, methodHandle*, JavaCallArguments*, Thread*)+0x6ae
V  [libjvm.dylib+0x34a8c8]  JVM_DoPrivileged+0x4b8
J 270  java.security.AccessController.doPrivileged(Ljava/security/PrivilegedExceptionAction;Ljava/security/AccessControlContext;)Ljava/lang/Object; (0 bytes) @ 0x000000010533b515 [0x000000010533b440+0xd5]
J 219 C1 java.net.URLClassLoader.findClass(Ljava/lang/String;)Ljava/lang/Class; (47 bytes) @ 0x0000000105325c54 [0x0000000105325ac0+0x194]
J 210 C1 java.lang.ClassLoader.loadClass(Ljava/lang/String;Z)Ljava/lang/Class; (122 bytes) @ 0x0000000105322004 [0x00000001053216a0+0x964]
J 252 C1 sun.misc.Launcher$AppClassLoader.loadClass(Ljava/lang/String;Z)Ljava/lang/Class; (85 bytes) @ 0x0000000105333a64 [0x00000001053330c0+0x9a4]
J 251 C1 java.lang.ClassLoader.loadClass(Ljava/lang/String;)Ljava/lang/Class; (7 bytes) @ 0x0000000105332d04 [0x0000000105332c00+0x104]
v  ~StubRoutines::call_stub
V  [libjvm.dylib+0x2ea39e]  JavaCalls::call_helper(JavaValue*, methodHandle*, JavaCallArguments*, Thread*)+0x6ae
V  [libjvm.dylib+0x2eab2c]  JavaCalls::call_virtual(JavaValue*, KlassHandle, Symbol*, Symbol*, JavaCallArguments*, Thread*)+0x164
V  [libjvm.dylib+0x2eac84]  JavaCalls::call_virtual(JavaValue*, Handle, KlassHandle, Symbol*, Symbol*, Handle, Thread*)+0x56
V  [libjvm.dylib+0x533170]  SystemDictionary::load_instance_class(Symbol*, Handle, Thread*)+0x2d8
V  [libjvm.dylib+0x532909]  SystemDictionary::resolve_instance_class_or_null(Symbol*, Handle, Handle, Thread*)+0x48f
V  [libjvm.dylib+0x53338c]  SystemDictionary::resolve_or_null(Symbol*, Handle, Handle, Thread*)+0x106
V  [libjvm.dylib+0x533a09]  SystemDictionary::resolve_or_fail(Symbol*, Handle, Handle, bool, Thread*)+0x31
V  [libjvm.dylib+0x1e0906]  ConstantPool::klass_at_impl(constantPoolHandle, int, Thread*)+0x2ee
V  [libjvm.dylib+0x1f0bca]  ConstantPool::klass_at(int, Thread*)+0x92
V  [libjvm.dylib+0x2e5d7b]  InterpreterRuntime::_new(JavaThread*, ConstantPool*, int)+0x2d
j  org.apache.qpid.proton.engine.impl.LinkImpl.delivery([BII)Lorg/apache/qpid/proton/engine/impl/DeliveryImpl;+24
j  org.apache.qpid.proton.engine.impl.TransportSession.handleTransfer(Lorg/apache/qpid/proton/amqp/transport/Transfer;Lorg/apache/qpid/proton/amqp/Binary;)V+129
j  org.apache.qpid.proton.engine.impl.TransportImpl.handleTransfer(Lorg/apache/qpid/proton/amqp/transport/Transfer;Lorg/apache/qpid/proton/amqp/Binary;Ljava/lang/Integer;)V+24
j  org.apache.qpid.proton.engine.impl.TransportImpl.handleTransfer(Lorg/apache/qpid/proton/amqp/transport/Transfer;Lorg/apache/qpid/proton/amqp/Binary;Ljava/lang/Object;)V+7
j  org.apache.qpid.proton.amqp.transport.Transfer.invoke(Lorg/apache/qpid/proton/amqp/transport/FrameBody$FrameBodyHandler;Lorg/apache/qpid/proton/amqp/Binary;Ljava/lang/Object;)V+4
j  org.apache.qpid.proton.engine.impl.TransportImpl.handleFrame(Lorg/apache/qpid/proton/framing/TransportFrame;)Z+81
j  org.apache.qpid.proton.engine.impl.FrameParser.input(Ljava/nio/ByteBuffer;)V+1565
j  org.apache.qpid.proton.engine.impl.FrameParser.process()V+20
j  org.apache.qpid.proton.engine.impl.SaslImpl$SaslTransportWrapper.reallyProcessInput()V+175
j  org.apache.qpid.proton.engine.impl.SaslImpl$SaslTransportWrapper.process()V+12
j  org.apache.qpid.proton.engine.impl.HandshakeSniffingTransportWrapper.process()V+11
j  org.apache.qpid.proton.engine.impl.TransportImpl.process()V+23
j  org.apache.qpid.proton.engine.impl.TransportImpl.processInput()Lorg/apache/qpid/proton/engine/TransportResult;+1
j  org.apache.qpid.jms.provider.amqp.AmqpProvider$18.run()V+92
j  java.util.concurrent.Executors$RunnableAdapter.call()Ljava/lang/Object;+4
j  java.util.concurrent.FutureTask.run()V+42
j  java.util.concurrent.ScheduledThreadPoolExecutor$ScheduledFutureTask.access$201(Ljava/util/concurrent/ScheduledThreadPoolExecutor$ScheduledFutureTask;)V+1
j  java.util.concurrent.ScheduledThreadPoolExecutor$ScheduledFutureTask.run()V+30
j  java.util.concurrent.ThreadPoolExecutor.runWorker(Ljava/util/concurrent/ThreadPoolExecutor$Worker;)V+95
j  java.util.concurrent.ThreadPoolExecutor$Worker.run()V+5
j  java.lang.Thread.run()V+11
v  ~StubRoutines::call_stub
V  [libjvm.dylib+0x2ea39e]  JavaCalls::call_helper(JavaValue*, methodHandle*, JavaCallArguments*, Thread*)+0x6ae
V  [libjvm.dylib+0x2eab2c]  JavaCalls::call_virtual(JavaValue*, KlassHandle, Symbol*, Symbol*, JavaCallArguments*, Thread*)+0x164
V  [libjvm.dylib+0x2eacd8]  JavaCalls::call_virtual(JavaValue*, Handle, KlassHandle, Symbol*, Symbol*, Thread*)+0x4a
V  [libjvm.dylib+0x345255]  thread_entry(JavaThread*, Thread*)+0x7c
V  [libjvm.dylib+0x560e03]  JavaThread::thread_main_inner()+0x9b
V  [libjvm.dylib+0x5624fe]  JavaThread::run()+0x1c2
V  [libjvm.dylib+0x482eda]  java_start(Thread*)+0xf6
C  [libsystem_pthread.dylib+0x399d]  _pthread_body+0x83
C  [libsystem_pthread.dylib+0x391a]  _pthread_body+0x0
C  [libsystem_pthread.dylib+0x1351]  thread_start+0xd
C  0x0000000000000000

Java frames: (J=compiled Java code, j=interpreted, Vv=VM code)
J 233  java.util.zip.ZipFile.getEntry(J[BZ)J (0 bytes) @ 0x000000010532cc18 [0x000000010532cbc0+0x58]
J 188 C1 java.util.zip.ZipFile.getEntry(Ljava/lang/String;)Ljava/util/zip/ZipEntry; (86 bytes) @ 0x0000000105309f8c [0x0000000105309d20+0x26c]
J 250 C1 java.util.jar.JarFile.getEntry(Ljava/lang/String;)Ljava/util/zip/ZipEntry; (22 bytes) @ 0x0000000105332664 [0x00000001053325e0+0x84]
J 373 C2 sun.misc.URLClassPath$JarLoader.getResource(Ljava/lang/String;Z)Lsun/misc/Resource; (85 bytes) @ 0x000000010539d3a0 [0x000000010539d180+0x220]
J 218 C1 sun.misc.URLClassPath.getResource(Ljava/lang/String;Z)Lsun/misc/Resource; (83 bytes) @ 0x000000010532552c [0x00000001053253c0+0x16c]
J 272 C1 java.net.URLClassLoader$1.run()Ljava/lang/Class; (63 bytes) @ 0x000000010533cdbc [0x000000010533cba0+0x21c]
J 271 C1 java.net.URLClassLoader$1.run()Ljava/lang/Object; (5 bytes) @ 0x000000010533accc [0x000000010533ac40+0x8c]
v  ~StubRoutines::call_stub
J 270  java.security.AccessController.doPrivileged(Ljava/security/PrivilegedExceptionAction;Ljava/security/AccessControlContext;)Ljava/lang/Object; (0 bytes) @ 0x000000010533b4a3 [0x000000010533b440+0x63]
J 219 C1 java.net.URLClassLoader.findClass(Ljava/lang/String;)Ljava/lang/Class; (47 bytes) @ 0x0000000105325c54 [0x0000000105325ac0+0x194]
J 210 C1 java.lang.ClassLoader.loadClass(Ljava/lang/String;Z)Ljava/lang/Class; (122 bytes) @ 0x0000000105322004 [0x00000001053216a0+0x964]
J 252 C1 sun.misc.Launcher$AppClassLoader.loadClass(Ljava/lang/String;Z)Ljava/lang/Class; (85 bytes) @ 0x0000000105333a64 [0x00000001053330c0+0x9a4]
J 251 C1 java.lang.ClassLoader.loadClass(Ljava/lang/String;)Ljava/lang/Class; (7 bytes) @ 0x0000000105332d04 [0x0000000105332c00+0x104]
v  ~StubRoutines::call_stub
j  org.apache.qpid.proton.engine.impl.LinkImpl.delivery([BII)Lorg/apache/qpid/proton/engine/impl/DeliveryImpl;+24
j  org.apache.qpid.proton.engine.impl.TransportSession.handleTransfer(Lorg/apache/qpid/proton/amqp/transport/Transfer;Lorg/apache/qpid/proton/amqp/Binary;)V+129
j  org.apache.qpid.proton.engine.impl.TransportImpl.handleTransfer(Lorg/apache/qpid/proton/amqp/transport/Transfer;Lorg/apache/qpid/proton/amqp/Binary;Ljava/lang/Integer;)V+24
j  org.apache.qpid.proton.engine.impl.TransportImpl.handleTransfer(Lorg/apache/qpid/proton/amqp/transport/Transfer;Lorg/apache/qpid/proton/amqp/Binary;Ljava/lang/Object;)V+7
j  org.apache.qpid.proton.amqp.transport.Transfer.invoke(Lorg/apache/qpid/proton/amqp/transport/FrameBody$FrameBodyHandler;Lorg/apache/qpid/proton/amqp/Binary;Ljava/lang/Object;)V+4
j  org.apache.qpid.proton.engine.impl.TransportImpl.handleFrame(Lorg/apache/qpid/proton/framing/TransportFrame;)Z+81
j  org.apache.qpid.proton.engine.impl.FrameParser.input(Ljava/nio/ByteBuffer;)V+1565
j  org.apache.qpid.proton.engine.impl.FrameParser.process()V+20
j  org.apache.qpid.proton.engine.impl.SaslImpl$SaslTransportWrapper.reallyProcessInput()V+175
j  org.apache.qpid.proton.engine.impl.SaslImpl$SaslTransportWrapper.process()V+12
j  org.apache.qpid.proton.engine.impl.HandshakeSniffingTransportWrapper.process()V+11
j  org.apache.qpid.proton.engine.impl.TransportImpl.process()V+23
j  org.apache.qpid.proton.engine.impl.TransportImpl.processInput()Lorg/apache/qpid/proton/engine/TransportResult;+1
j  org.apache.qpid.jms.provider.amqp.AmqpProvider$18.run()V+92
j  java.util.concurrent.Executors$RunnableAdapter.call()Ljava/lang/Object;+4
j  java.util.concurrent.FutureTask.run()V+42
j  java.util.concurrent.ScheduledThreadPoolExecutor$ScheduledFutureTask.access$201(Ljava/util/concurrent/ScheduledThreadPoolExecutor$ScheduledFutureTask;)V+1
j  java.util.concurrent.ScheduledThreadPoolExecutor$ScheduledFutureTask.run()V+30
j  java.util.concurrent.ThreadPoolExecutor.runWorker(Ljava/util/concurrent/ThreadPoolExecutor$Worker;)V+95
j  java.util.concurrent.ThreadPoolExecutor$Worker.run()V+5
j  java.lang.Thread.run()V+11
v  ~StubRoutines::call_stub

---------------  P R O C E S S  ---------------

Java Threads: ( => current thread )
  0x00007f8ce19f0000 JavaThread "threadDeathWatcher-3-1" daemon [_thread_blocked, id=22275, stack(0x0000700001353000,0x0000700001453000)]
  0x00007f8ce108d000 JavaThread "nioEventLoopGroup-2-1" [_thread_in_native, id=21775, stack(0x0000700001250000,0x0000700001350000)]
=>0x00007f8ce20da800 JavaThread "AmqpProvider:(1):[amqp://localhost:5672]" daemon [_thread_in_native, id=20227, stack(0x000070000114d000,0x000070000124d000)]
  0x00007f8ce2926000 JavaThread "QpidJMS Connection Executor: ID:a8f1e28a-881d-483d-8209-5f86331f571d:1" [_thread_blocked, id=19715, stack(0x000070000104a000,0x000070000114a000)]
  0x00007f8ce1832000 JavaThread "Service Thread" daemon [_thread_blocked, id=18691, stack(0x0000700000e44000,0x0000700000f44000)]
  0x00007f8ce1822800 JavaThread "C1 CompilerThread2" daemon [_thread_blocked, id=18179, stack(0x0000700000d41000,0x0000700000e41000)]
  0x00007f8ce284d800 JavaThread "C2 CompilerThread1" daemon [_thread_blocked, id=17667, stack(0x0000700000c3e000,0x0000700000d3e000)]
  0x00007f8ce2874800 JavaThread "C2 CompilerThread0" daemon [_thread_blocked, id=17155, stack(0x0000700000b3b000,0x0000700000c3b000)]
  0x00007f8ce2842000 JavaThread "Signal Dispatcher" daemon [_thread_blocked, id=13839, stack(0x0000700000a38000,0x0000700000b38000)]
  0x00007f8ce2834800 JavaThread "Finalizer" daemon [_thread_blocked, id=12291, stack(0x000070000082f000,0x000070000092f000)]
  0x00007f8ce2832000 JavaThread "Reference Handler" daemon [_thread_blocked, id=11779, stack(0x000070000072c000,0x000070000082c000)]
  0x00007f8ce100a800 JavaThread "main" [_thread_blocked, id=5891, stack(0x000070000011a000,0x000070000021a000)]

Other Threads:
  0x00007f8ce282d000 VMThread [stack: 0x0000700000629000,0x0000700000729000] [id=11267]
  0x00007f8ce2028800 WatcherThread [stack: 0x0000700000f47000,0x0000700001047000] [id=19203]

VM state:not at safepoint (normal execution)

VM Mutex/Monitor currently owned by a thread: None

Heap:
 PSYoungGen      total 38400K, used 28274K [0x0000000795580000, 0x0000000798000000, 0x00000007c0000000)
  eden space 33280K, 69% used [0x0000000795580000,0x0000000796c21928,0x0000000797600000)
  from space 5120K, 99% used [0x0000000797600000,0x0000000797afb0b8,0x0000000797b00000)
  to   space 5120K, 0% used [0x0000000797b00000,0x0000000797b00000,0x0000000798000000)
 ParOldGen       total 87552K, used 220K [0x0000000740000000, 0x0000000745580000, 0x0000000795580000)
  object space 87552K, 0% used [0x0000000740000000,0x0000000740037258,0x0000000745580000)
 Metaspace       used 11351K, capacity 11512K, committed 11776K, reserved 1058816K
  class space    used 1442K, capacity 1496K, committed 1536K, reserved 1048576K

Card table byte_map: [0x000000011454f000,0x0000000114950000] byte_map_base: 0x0000000110b4f000

Marking Bits: (ParMarkBitMap*) 0x0000000104ae3ea0
 Begin Bits: [0x0000000114bfb000, 0x0000000116bfb000)
 End Bits:   [0x0000000116bfb000, 0x0000000118bfb000)

Polling page: 0x00000001038f3000

CodeCache: size=245760Kb used=2945Kb max_used=2945Kb free=242814Kb
 bounds [0x000000010518f000, 0x000000010547f000, 0x000000011418f000]
 total_blobs=1115 nmethods=788 adapters=241
 compilation: enabled

Compilation events (10 events):
Event: 383.491 Thread 0x00007f8ce1822800  783       3       io.netty.util.concurrent.SingleThreadEventExecutor::delayNanos (19 bytes)
Event: 383.492 Thread 0x00007f8ce1822800 nmethod 783 0x000000010546dc90 code [0x000000010546de40, 0x000000010546e568]
Event: 383.492 Thread 0x00007f8ce1822800  784       3       io.netty.util.concurrent.AbstractScheduledEventExecutor::peekScheduledTask (21 bytes)
Event: 383.492 Thread 0x00007f8ce1822800 nmethod 784 0x000000010546e790 code [0x000000010546e920, 0x000000010546ec88]
Event: 383.492 Thread 0x00007f8ce1822800  785       3       io.netty.channel.nio.SelectedSelectionKeySetSelector::select (16 bytes)
Event: 383.492 Thread 0x00007f8ce1822800 nmethod 785 0x000000010546ed50 code [0x000000010546eee0, 0x000000010546f338]
Event: 383.492 Thread 0x00007f8ce1822800  786       3       sun.nio.ch.SelectorImpl::select (34 bytes)
Event: 383.492 Thread 0x00007f8ce1822800 nmethod 786 0x000000010546f4d0 code [0x000000010546f660, 0x000000010546f958]
Event: 385.355 Thread 0x00007f8ce1822800  787       3       java.util.concurrent.ScheduledThreadPoolExecutor$DelayedWorkQueue::setIndex (16 bytes)
Event: 385.355 Thread 0x00007f8ce1822800 nmethod 787 0x000000010546fa50 code [0x000000010546fbc0, 0x000000010546ff30]

GC Heap History (2 events):
Event: 0.652 GC heap before
{Heap before GC invocations=1 (full 0):
 PSYoungGen      total 38400K, used 21423K [0x0000000795580000, 0x0000000798000000, 0x00000007c0000000)
  eden space 33280K, 64% used [0x0000000795580000,0x0000000796a6bed8,0x0000000797600000)
  from space 5120K, 0% used [0x0000000797b00000,0x0000000797b00000,0x0000000798000000)
  to   space 5120K, 0% used [0x0000000797600000,0x0000000797600000,0x0000000797b00000)
 ParOldGen       total 87552K, used 0K [0x0000000740000000, 0x0000000745580000, 0x0000000795580000)
  object space 87552K, 0% used [0x0000000740000000,0x0000000740000000,0x0000000745580000)
 Metaspace       used 10338K, capacity 10520K, committed 10624K, reserved 1058816K
  class space    used 1310K, capacity 1400K, committed 1408K, reserved 1048576K
Event: 0.658 GC heap after
Heap after GC invocations=1 (full 0):
 PSYoungGen      total 38400K, used 5100K [0x0000000795580000, 0x0000000798000000, 0x00000007c0000000)
  eden space 33280K, 0% used [0x0000000795580000,0x0000000795580000,0x0000000797600000)
  from space 5120K, 99% used [0x0000000797600000,0x0000000797afb0b8,0x0000000797b00000)
  to   space 5120K, 0% used [0x0000000797b00000,0x0000000797b00000,0x0000000798000000)
 ParOldGen       total 87552K, used 220K [0x0000000740000000, 0x0000000745580000, 0x0000000795580000)
  object space 87552K, 0% used [0x0000000740000000,0x0000000740037258,0x0000000745580000)
 Metaspace       used 10338K, capacity 10520K, committed 10624K, reserved 1058816K
  class space    used 1310K, capacity 1400K, committed 1408K, reserved 1048576K
}

Deoptimization events (2 events):
Event: 0.576 Thread 0x00007f8ce20da800 Uncommon trap: reason=unstable_if action=reinterpret pc=0x00000001053b38c0 method=java.util.HashMap.getNode(ILjava/lang/Object;)Ljava/util/HashMap$Node; @ 116
Event: 0.580 Thread 0x00007f8ce20da800 Uncommon trap: reason=unstable_if action=reinterpret pc=0x00000001053ab6f4 method=java.util.HashMap.getNode(ILjava/lang/Object;)Ljava/util/HashMap$Node; @ 116

Internal exceptions (10 events):
Event: 0.194 Thread 0x00007f8ce100a800 Exception <a 'java/lang/ArrayIndexOutOfBoundsException'> (0x000000079591dc58) thrown at [/Users/java_re/workspace/8-2-build-macosx-x86_64/jdk8u77/6540/hotspot/src/share/vm/runtime/sharedRuntime.cpp, line 605]
Event: 0.367 Thread 0x00007f8ce20da800 Exception <a 'java/lang/UnsatisfiedLinkError': io.netty.channel.epoll.Native.offsetofEpollData()I> (0x000000079601cf28) thrown at [/Users/java_re/workspace/8-2-build-macosx-x86_64/jdk8u77/6540/hotspot/src/share/vm/prims/nativeLookup.cpp, line 378]
Event: 0.372 Thread 0x00007f8ce20da800 Exception <a 'java/lang/NoClassDefFoundError': org/apache/log4j/Priority> (0x000000079603a678) thrown at [/Users/java_re/workspace/8-2-build-macosx-x86_64/jdk8u77/6540/hotspot/src/share/vm/classfile/systemDictionary.cpp, line 199]
Event: 0.373 Thread 0x00007f8ce20da800 Exception <a 'java/lang/ExceptionInInitializerError'> (0x0000000796048630) thrown at [/Users/java_re/workspace/8-2-build-macosx-x86_64/jdk8u77/6540/hotspot/src/share/vm/oops/instanceKlass.cpp, line 953]
Event: 0.413 Thread 0x00007f8ce20da800 Exception <a 'java/lang/ClassCastException': sun.misc.Cleaner cannot be cast to java.lang.Runnable> (0x0000000796162178) thrown at [/Users/java_re/workspace/8-2-build-macosx-x86_64/jdk8u77/6540/hotspot/src/share/vm/interpreter/interpreterRuntime.cpp, line
Event: 0.567 Thread 0x00007f8ce20da800 Exception <a 'java/lang/NoSuchFieldError': method resolution failed> (0x00000007966db1a8) thrown at [/Users/java_re/workspace/8-2-build-macosx-x86_64/jdk8u77/6540/hotspot/src/share/vm/prims/methodHandles.cpp, line 1146]
Event: 0.569 Thread 0x00007f8ce20da800 Exception <a 'java/lang/NoSuchFieldError': method resolution failed> (0x00000007966e8c68) thrown at [/Users/java_re/workspace/8-2-build-macosx-x86_64/jdk8u77/6540/hotspot/src/share/vm/prims/methodHandles.cpp, line 1146]
Event: 0.603 Thread 0x00007f8ce108d000 Exception <a 'java/lang/ArrayIndexOutOfBoundsException'> (0x00000007967ddd60) thrown at [/Users/java_re/workspace/8-2-build-macosx-x86_64/jdk8u77/6540/hotspot/src/share/vm/runtime/sharedRuntime.cpp, line 605]
Event: 0.603 Thread 0x00007f8ce108d000 Exception <a 'java/lang/ArrayIndexOutOfBoundsException'> (0x00000007967def78) thrown at [/Users/java_re/workspace/8-2-build-macosx-x86_64/jdk8u77/6540/hotspot/src/share/vm/runtime/sharedRuntime.cpp, line 605]
Event: 0.603 Thread 0x00007f8ce108d000 Exception <a 'java/lang/ArrayIndexOutOfBoundsException'> (0x00000007967e09a8) thrown at [/Users/java_re/workspace/8-2-build-macosx-x86_64/jdk8u77/6540/hotspot/src/share/vm/runtime/sharedRuntime.cpp, line 605]

Events (10 events):
Event: 0.882 loading class org/apache/qpid/proton/codec/transport/FlowType$FlowWrapper
Event: 0.882 loading class org/apache/qpid/proton/codec/transport/FlowType$FlowWrapper done
Event: 0.890 loading class java/util/concurrent/Executors$DefaultThreadFactory
Event: 0.890 loading class java/util/concurrent/Executors$DefaultThreadFactory done
Event: 4.092 Executing VM operation: EnableBiasedLocking
Event: 4.092 Executing VM operation: EnableBiasedLocking done
Event: 30.828 loading class org/apache/qpid/proton/amqp/transport/EmptyFrame
Event: 30.828 loading class org/apache/qpid/proton/amqp/transport/EmptyFrame done
Event: 385.355 loading class org/apache/qpid/proton/engine/impl/DeliveryImpl
Event: 385.355 loading class org/apache/qpid/proton/engine/impl/DeliveryImpl done


Dynamic libraries:
0x00000000043d5000 	/System/Library/Frameworks/Cocoa.framework/Versions/A/Cocoa
0x00000000043d5000 	/System/Library/Frameworks/Security.framework/Versions/A/Security
0x00000000043d5000 	/System/Library/Frameworks/ApplicationServices.framework/Versions/A/ApplicationServices
0x00000000043d5000 	/usr/lib/libz.1.dylib
0x00000000043d5000 	/usr/lib/libSystem.B.dylib
0x00000000043d5000 	/usr/lib/libobjc.A.dylib
0x00000000043d5000 	/System/Library/Frameworks/CoreFoundation.framework/Versions/A/CoreFoundation
0x00000000043d5000 	/System/Library/Frameworks/Foundation.framework/Versions/C/Foundation
0x00000000043d5000 	/System/Library/Frameworks/AppKit.framework/Versions/C/AppKit
0x00000000043d5000 	/System/Library/Frameworks/CoreData.framework/Versions/A/CoreData
0x00000000043d5000 	/System/Library/PrivateFrameworks/RemoteViewServices.framework/Versions/A/RemoteViewServices
0x00000000043d5000 	/System/Library/PrivateFrameworks/UIFoundation.framework/Versions/A/UIFoundation
0x00000000043d5000 	/usr/lib/libScreenReader.dylib
0x00000000043d5000 	/System/Library/Frameworks/Accelerate.framework/Versions/A/Accelerate
0x00000000043d5000 	/System/Library/Frameworks/IOSurface.framework/Versions/A/IOSurface
0x00000000043d5000 	/System/Library/Frameworks/AudioToolbox.framework/Versions/A/AudioToolbox
0x00000000043d5000 	/System/Library/Frameworks/AudioUnit.framework/Versions/A/AudioUnit
0x00000000043d5000 	/System/Library/PrivateFrameworks/DataDetectorsCore.framework/Versions/A/DataDetectorsCore
0x00000000043d5000 	/System/Library/PrivateFrameworks/DesktopServicesPriv.framework/Versions/A/DesktopServicesPriv
0x00000000043d5000 	/System/Library/Frameworks/Carbon.framework/Versions/A/Frameworks/HIToolbox.framework/Versions/A/HIToolbox
0x00000000043d5000 	/System/Library/Frameworks/QuartzCore.framework/Versions/A/QuartzCore
0x00000000043d5000 	/System/Library/Frameworks/Carbon.framework/Versions/A/Frameworks/SpeechRecognition.framework/Versions/A/SpeechRecognition
0x00000000043d5000 	/usr/lib/libauto.dylib
0x00000000043d5000 	/usr/lib/libicucore.A.dylib
0x00000000043d5000 	/usr/lib/libxml2.2.dylib
0x00000000043d5000 	/System/Library/PrivateFrameworks/CoreUI.framework/Versions/A/CoreUI
0x00000000043d5000 	/System/Library/Frameworks/CoreAudio.framework/Versions/A/CoreAudio
0x00000000043d5000 	/System/Library/Frameworks/DiskArbitration.framework/Versions/A/DiskArbitration
0x00000000043d5000 	/usr/lib/liblangid.dylib
0x00000000043d5000 	/System/Library/PrivateFrameworks/MultitouchSupport.framework/Versions/A/MultitouchSupport
0x00000000043d5000 	/System/Library/Frameworks/IOKit.framework/Versions/A/IOKit
0x00000000043d5000 	/usr/lib/libDiagnosticMessagesClient.dylib
0x00000000043d5000 	/System/Library/Frameworks/CoreServices.framework/Versions/A/CoreServices
0x00000000043d5000 	/System/Library/PrivateFrameworks/PerformanceAnalysis.framework/Versions/A/PerformanceAnalysis
0x00000000043d5000 	/System/Library/PrivateFrameworks/GenerationalStorage.framework/Versions/A/GenerationalStorage
0x00000000043d5000 	/System/Library/Frameworks/OpenGL.framework/Versions/A/OpenGL
0x00000000043d5000 	/System/Library/PrivateFrameworks/Sharing.framework/Versions/A/Sharing
0x00000000043d5000 	/System/Library/Frameworks/CoreGraphics.framework/Versions/A/CoreGraphics
0x00000000043d5000 	/System/Library/Frameworks/CoreImage.framework/Versions/A/CoreImage
0x00000000043d5000 	/System/Library/Frameworks/CoreText.framework/Versions/A/CoreText
0x00000000043d5000 	/System/Library/Frameworks/ImageIO.framework/Versions/A/ImageIO
0x00000000043d5000 	/System/Library/PrivateFrameworks/Backup.framework/Versions/A/Backup
0x00000000043d5000 	/usr/lib/libextension.dylib
0x00000000043d5000 	/usr/lib/libarchive.2.dylib
0x00000000043d5000 	/System/Library/Frameworks/CFNetwork.framework/Versions/A/CFNetwork
0x00000000043d5000 	/System/Library/Frameworks/SystemConfiguration.framework/Versions/A/SystemConfiguration
0x00000000043d5000 	/usr/lib/libCRFSuite.dylib
0x00000000043d5000 	/usr/lib/libc++.1.dylib
0x00000000043d5000 	/usr/lib/libc++abi.dylib
0x00000000043d5000 	/usr/lib/system/libcache.dylib
0x00000000043d5000 	/usr/lib/system/libcommonCrypto.dylib
0x00000000043d5000 	/usr/lib/system/libcompiler_rt.dylib
0x00000000043d5000 	/usr/lib/system/libcopyfile.dylib
0x00000000043d5000 	/usr/lib/system/libcorecrypto.dylib
0x00000000043d5000 	/usr/lib/system/libdispatch.dylib
0x00000000043d5000 	/usr/lib/system/libdyld.dylib
0x00000000043d5000 	/usr/lib/system/libkeymgr.dylib
0x00000000043d5000 	/usr/lib/system/liblaunch.dylib
0x00000000043d5000 	/usr/lib/system/libmacho.dylib
0x00000000043d5000 	/usr/lib/system/libquarantine.dylib
0x00000000043d5000 	/usr/lib/system/libremovefile.dylib
0x00000000043d5000 	/usr/lib/system/libsystem_asl.dylib
0x00000000043d5000 	/usr/lib/system/libsystem_blocks.dylib
0x00000000043d5000 	/usr/lib/system/libsystem_c.dylib
0x00000000043d5000 	/usr/lib/system/libsystem_configuration.dylib
0x00000000043d5000 	/usr/lib/system/libsystem_coreservices.dylib
0x00000000043d5000 	/usr/lib/system/libsystem_coretls.dylib
0x00000000043d5000 	/usr/lib/system/libsystem_dnssd.dylib
0x00000000043d5000 	/usr/lib/system/libsystem_info.dylib
0x00000000043d5000 	/usr/lib/system/libsystem_kernel.dylib
0x00000000043d5000 	/usr/lib/system/libsystem_m.dylib
0x00000000043d5000 	/usr/lib/system/libsystem_malloc.dylib
0x00000000043d5000 	/usr/lib/system/libsystem_network.dylib
0x00000000043d5000 	/usr/lib/system/libsystem_networkextension.dylib
0x00000000043d5000 	/usr/lib/system/libsystem_notify.dylib
0x00000000043d5000 	/usr/lib/system/libsystem_platform.dylib
0x00000000043d5000 	/usr/lib/system/libsystem_pthread.dylib
0x00000000043d5000 	/usr/lib/system/libsystem_sandbox.dylib
0x00000000043d5000 	/usr/lib/system/libsystem_secinit.dylib
0x00000000043d5000 	/usr/lib/system/libsystem_trace.dylib
0x00000000043d5000 	/usr/lib/system/libunc.dylib
0x00000000043d5000 	/usr/lib/system/libunwind.dylib
0x00000000043d5000 	/usr/lib/system/libxpc.dylib
0x00000000043d5000 	/usr/lib/libenergytrace.dylib
0x00000000043d5000 	/usr/lib/libbsm.0.dylib
0x00000000043d5000 	/usr/lib/system/libkxld.dylib
0x00000000043d5000 	/usr/lib/libxar.1.dylib
0x00000000043d5000 	/usr/lib/libsqlite3.dylib
0x00000000043d5000 	/usr/lib/libpam.2.dylib
0x00000000043d5000 	/usr/lib/libOpenScriptingUtil.dylib
0x00000000043d5000 	/usr/lib/libbz2.1.0.dylib
0x00000000043d5000 	/usr/lib/liblzma.5.dylib
0x00000000043d5000 	/System/Library/Frameworks/CoreServices.framework/Versions/A/Frameworks/FSEvents.framework/Versions/A/FSEvents
0x00000000043d5000 	/System/Library/Frameworks/CoreServices.framework/Versions/A/Frameworks/CarbonCore.framework/Versions/A/CarbonCore
0x00000000043d5000 	/System/Library/Frameworks/CoreServices.framework/Versions/A/Frameworks/Metadata.framework/Versions/A/Metadata
0x00000000043d5000 	/System/Library/Frameworks/CoreServices.framework/Versions/A/Frameworks/OSServices.framework/Versions/A/OSServices
0x00000000043d5000 	/System/Library/Frameworks/CoreServices.framework/Versions/A/Frameworks/SearchKit.framework/Versions/A/SearchKit
0x00000000043d5000 	/System/Library/Frameworks/CoreServices.framework/Versions/A/Frameworks/AE.framework/Versions/A/AE
0x00000000043d5000 	/System/Library/Frameworks/CoreServices.framework/Versions/A/Frameworks/LaunchServices.framework/Versions/A/LaunchServices
0x00000000043d5000 	/System/Library/Frameworks/CoreServices.framework/Versions/A/Frameworks/DictionaryServices.framework/Versions/A/DictionaryServices
0x00000000043d5000 	/System/Library/Frameworks/CoreServices.framework/Versions/A/Frameworks/SharedFileList.framework/Versions/A/SharedFileList
0x00000000043d5000 	/System/Library/Frameworks/NetFS.framework/Versions/A/NetFS
0x00000000043d5000 	/System/Library/PrivateFrameworks/NetAuth.framework/Versions/A/NetAuth
0x00000000043d5000 	/System/Library/PrivateFrameworks/login.framework/Versions/A/Frameworks/loginsupport.framework/Versions/A/loginsupport
0x00000000043d5000 	/System/Library/PrivateFrameworks/TCC.framework/Versions/A/TCC
0x00000000043d5000 	/usr/lib/libmecabra.dylib
0x00000000043d5000 	/System/Library/Frameworks/ApplicationServices.framework/Versions/A/Frameworks/ATS.framework/Versions/A/ATS
0x00000000043d5000 	/System/Library/Frameworks/ApplicationServices.framework/Versions/A/Frameworks/ColorSync.framework/Versions/A/ColorSync
0x00000000043d5000 	/System/Library/Frameworks/ApplicationServices.framework/Versions/A/Frameworks/HIServices.framework/Versions/A/HIServices
0x00000000043d5000 	/System/Library/Frameworks/ApplicationServices.framework/Versions/A/Frameworks/LangAnalysis.framework/Versions/A/LangAnalysis
0x00000000043d5000 	/System/Library/Frameworks/ApplicationServices.framework/Versions/A/Frameworks/PrintCore.framework/Versions/A/PrintCore
0x00000000043d5000 	/System/Library/Frameworks/ApplicationServices.framework/Versions/A/Frameworks/QD.framework/Versions/A/QD
0x00000000043d5000 	/System/Library/Frameworks/ApplicationServices.framework/Versions/A/Frameworks/SpeechSynthesis.framework/Versions/A/SpeechSynthesis
0x00000000043d5000 	/System/Library/Frameworks/Metal.framework/Versions/A/Metal
0x00000000043d5000 	/System/Library/Frameworks/Accelerate.framework/Versions/A/Frameworks/vImage.framework/Versions/A/vImage
0x00000000043d5000 	/System/Library/Frameworks/Accelerate.framework/Versions/A/Frameworks/vecLib.framework/Versions/A/vecLib
0x00000000043d5000 	/System/Library/Frameworks/Accelerate.framework/Versions/A/Frameworks/vecLib.framework/Versions/A/libvDSP.dylib
0x00000000043d5000 	/System/Library/Frameworks/Accelerate.framework/Versions/A/Frameworks/vecLib.framework/Versions/A/libvMisc.dylib
0x00000000043d5000 	/System/Library/Frameworks/Accelerate.framework/Versions/A/Frameworks/vecLib.framework/Versions/A/libLAPACK.dylib
0x00000000043d5000 	/System/Library/Frameworks/Accelerate.framework/Versions/A/Frameworks/vecLib.framework/Versions/A/libBLAS.dylib
0x00000000043d5000 	/System/Library/Frameworks/Accelerate.framework/Versions/A/Frameworks/vecLib.framework/Versions/A/libLinearAlgebra.dylib
0x00000000043d5000 	/System/Library/Frameworks/Accelerate.framework/Versions/A/Frameworks/vecLib.framework/Versions/A/libSparseBLAS.dylib
0x00000000043d5000 	/System/Library/PrivateFrameworks/GPUCompiler.framework/libmetal_timestamp.dylib
0x00000000043d5000 	/System/Library/Frameworks/OpenGL.framework/Versions/A/Libraries/libCoreFSCache.dylib
0x00000000043d5000 	/System/Library/PrivateFrameworks/IOAccelerator.framework/Versions/A/IOAccelerator
0x00000000043d5000 	/System/Library/Frameworks/ApplicationServices.framework/Versions/A/Frameworks/ATS.framework/Versions/A/Resources/libFontParser.dylib
0x00000000043d5000 	/System/Library/Frameworks/ApplicationServices.framework/Versions/A/Frameworks/ATS.framework/Versions/A/Resources/libFontRegistry.dylib
0x00000000043d5000 	/System/Library/PrivateFrameworks/AppleVPA.framework/Versions/A/AppleVPA
0x00000000043d5000 	/System/Library/PrivateFrameworks/AppleJPEG.framework/Versions/A/AppleJPEG
0x00000000043d5000 	/System/Library/Frameworks/ImageIO.framework/Versions/A/Resources/libJPEG.dylib
0x00000000043d5000 	/System/Library/Frameworks/ImageIO.framework/Versions/A/Resources/libTIFF.dylib
0x00000000043d5000 	/System/Library/Frameworks/ImageIO.framework/Versions/A/Resources/libPng.dylib
0x00000000043d5000 	/System/Library/Frameworks/ImageIO.framework/Versions/A/Resources/libGIF.dylib
0x00000000043d5000 	/System/Library/Frameworks/ImageIO.framework/Versions/A/Resources/libJP2.dylib
0x00000000043d5000 	/System/Library/Frameworks/ImageIO.framework/Versions/A/Resources/libRadiance.dylib
0x00000000043d5000 	/System/Library/Frameworks/CoreVideo.framework/Versions/A/CoreVideo
0x00000000043d5000 	/System/Library/Frameworks/OpenGL.framework/Versions/A/Libraries/libGLU.dylib
0x00000000043d5000 	/System/Library/Frameworks/OpenGL.framework/Versions/A/Libraries/libGFXShared.dylib
0x00000000043d5000 	/System/Library/Frameworks/OpenGL.framework/Versions/A/Libraries/libGL.dylib
0x00000000043d5000 	/System/Library/Frameworks/OpenGL.framework/Versions/A/Libraries/libGLImage.dylib
0x00000000043d5000 	/System/Library/Frameworks/OpenGL.framework/Versions/A/Libraries/libCVMSPluginSupport.dylib
0x00000000043d5000 	/System/Library/Frameworks/OpenGL.framework/Versions/A/Libraries/libCoreVMClient.dylib
0x00000000043d5000 	/usr/lib/libcompression.dylib
0x00000000043d5000 	/usr/lib/libcups.2.dylib
0x00000000043d5000 	/System/Library/Frameworks/Kerberos.framework/Versions/A/Kerberos
0x00000000043d5000 	/System/Library/Frameworks/GSS.framework/Versions/A/GSS
0x00000000043d5000 	/usr/lib/libresolv.9.dylib
0x00000000043d5000 	/usr/lib/libiconv.2.dylib
0x00000000043d5000 	/System/Library/PrivateFrameworks/Heimdal.framework/Versions/A/Heimdal
0x00000000043d5000 	/usr/lib/libheimdal-asn1.dylib
0x00000000043d5000 	/System/Library/Frameworks/OpenDirectory.framework/Versions/A/OpenDirectory
0x00000000043d5000 	/System/Library/PrivateFrameworks/CommonAuth.framework/Versions/A/CommonAuth
0x00000000043d5000 	/System/Library/Frameworks/OpenDirectory.framework/Versions/A/Frameworks/CFOpenDirectory.framework/Versions/A/CFOpenDirectory
0x00000000043d5000 	/System/Library/Frameworks/SecurityFoundation.framework/Versions/A/SecurityFoundation
0x00000000043d5000 	/System/Library/PrivateFrameworks/LanguageModeling.framework/Versions/A/LanguageModeling
0x00000000043d5000 	/usr/lib/libmarisa.dylib
0x00000000043d5000 	/usr/lib/libChineseTokenizer.dylib
0x00000000043d5000 	/usr/lib/libcmph.dylib
0x00000000043d5000 	/System/Library/Frameworks/ServiceManagement.framework/Versions/A/ServiceManagement
0x00000000043d5000 	/usr/lib/libxslt.1.dylib
0x00000000043d5000 	/System/Library/Frameworks/Carbon.framework/Versions/A/Frameworks/Ink.framework/Versions/A/Ink
0x00000000043d5000 	/usr/lib/libFosl_dynamic.dylib
0x00000000043d5000 	/System/Library/PrivateFrameworks/FaceCore.framework/Versions/A/FaceCore
0x00000000043d5000 	/System/Library/Frameworks/OpenCL.framework/Versions/A/OpenCL
0x00000000043d5000 	/System/Library/PrivateFrameworks/CrashReporterSupport.framework/Versions/A/CrashReporterSupport
0x00000000043d5000 	/System/Library/PrivateFrameworks/IconServices.framework/Versions/A/IconServices
0x00000000043d5000 	/System/Library/PrivateFrameworks/Apple80211.framework/Versions/A/Apple80211
0x00000000043d5000 	/System/Library/Frameworks/CoreWLAN.framework/Versions/A/CoreWLAN
0x00000000043d5000 	/System/Library/Frameworks/IOBluetooth.framework/Versions/A/IOBluetooth
0x00000000043d5000 	/System/Library/PrivateFrameworks/CoreWiFi.framework/Versions/A/CoreWiFi
0x00000000043d5000 	/System/Library/Frameworks/CoreBluetooth.framework/Versions/A/CoreBluetooth
0x00000000043d5000 	/System/Library/PrivateFrameworks/ChunkingLibrary.framework/Versions/A/ChunkingLibrary
0x00000000043d5000 	/System/Library/PrivateFrameworks/DebugSymbols.framework/Versions/A/DebugSymbols
0x00000000043d5000 	/System/Library/PrivateFrameworks/CoreSymbolication.framework/Versions/A/CoreSymbolication
0x00000000043d5000 	/System/Library/PrivateFrameworks/Symbolication.framework/Versions/A/Symbolication
0x00000000043d5000 	/System/Library/PrivateFrameworks/SpeechRecognitionCore.framework/Versions/A/SpeechRecognitionCore
0x0000000104200000 	/Library/Java/JavaVirtualMachines/jdk1.8.0_77.jdk/Contents/Home/jre/lib/server/libjvm.dylib
0x00000000043d5000 	/usr/lib/libstdc++.6.dylib
0x00000001038b0000 	/Library/Java/JavaVirtualMachines/jdk1.8.0_77.jdk/Contents/Home/jre/lib/libverify.dylib
0x00000001038be000 	/Library/Java/JavaVirtualMachines/jdk1.8.0_77.jdk/Contents/Home/jre/lib/libjava.dylib
0x00000001038fd000 	/Library/Java/JavaVirtualMachines/jdk1.8.0_77.jdk/Contents/Home/jre/lib/libzip.dylib
0x000000011aa06000 	/System/Library/Frameworks/JavaVM.framework/Frameworks/JavaRuntimeSupport.framework/JavaRuntimeSupport
0x000000011aa21000 	/System/Library/Frameworks/JavaVM.framework/Versions/A/Frameworks/JavaNativeFoundation.framework/Versions/A/JavaNativeFoundation
0x00000001039f2000 	/System/Library/Frameworks/JavaVM.framework/Versions/A/JavaVM
0x00000000043d5000 	/System/Library/Frameworks/Carbon.framework/Versions/A/Carbon
0x000000011aa36000 	/System/Library/PrivateFrameworks/JavaLaunching.framework/Versions/A/JavaLaunching
0x00000000043d5000 	/System/Library/Frameworks/Carbon.framework/Versions/A/Frameworks/CommonPanels.framework/Versions/A/CommonPanels
0x00000000043d5000 	/System/Library/Frameworks/Carbon.framework/Versions/A/Frameworks/Help.framework/Versions/A/Help
0x00000000043d5000 	/System/Library/Frameworks/Carbon.framework/Versions/A/Frameworks/ImageCapture.framework/Versions/A/ImageCapture
0x00000000043d5000 	/System/Library/Frameworks/Carbon.framework/Versions/A/Frameworks/OpenScripting.framework/Versions/A/OpenScripting
0x00000000043d5000 	/System/Library/Frameworks/Carbon.framework/Versions/A/Frameworks/Print.framework/Versions/A/Print
0x00000000043d5000 	/System/Library/Frameworks/Carbon.framework/Versions/A/Frameworks/SecurityHI.framework/Versions/A/SecurityHI
0x000000011c581000 	/Library/Java/JavaVirtualMachines/jdk1.8.0_77.jdk/Contents/Home/jre/lib/libnet.dylib
0x000000011c5e0000 	/Library/Java/JavaVirtualMachines/jdk1.8.0_77.jdk/Contents/Home/jre/lib/libnio.dylib
0x000000011c5f0000 	/Library/Java/JavaVirtualMachines/jdk1.8.0_77.jdk/Contents/Home/jre/lib/libmanagement.dylib

VM Arguments:
java_command: com.gang.cc.Manager
java_class_path (initial): target/cc-solution-0.1-SNAPSHOT.jar
Launcher Type: SUN_STANDARD

Environment Variables:
JAVA_HOME=/Library/Java/JavaVirtualMachines/jdk1.8.0_77.jdk/Contents/Home
PATH=/Users/gangshen/Downloads/apache-maven-3.3.9/bin:/usr/local/bin:/usr/bin:/bin:/usr/sbin:/sbin
SHELL=/bin/bash

Signal Handlers:
SIGSEGV: [libjvm.dylib+0x5a6855], sa_mask[0]=11111111011111110111111111111111, sa_flags=SA_ONSTACK|SA_RESTART|SA_SIGINFO
SIGBUS: [libjvm.dylib+0x5a6855], sa_mask[0]=11111111011111110111111111111111, sa_flags=SA_RESTART|SA_SIGINFO
SIGFPE: [libjvm.dylib+0x4804ec], sa_mask[0]=11111111011111110111111111111111, sa_flags=SA_RESTART|SA_SIGINFO
SIGPIPE: [libjvm.dylib+0x4804ec], sa_mask[0]=11111111011111110111111111111111, sa_flags=SA_RESTART|SA_SIGINFO
SIGXFSZ: [libjvm.dylib+0x4804ec], sa_mask[0]=11111111011111110111111111111111, sa_flags=SA_RESTART|SA_SIGINFO
SIGILL: [libjvm.dylib+0x4804ec], sa_mask[0]=11111111011111110111111111111111, sa_flags=SA_RESTART|SA_SIGINFO
SIGUSR1: SIG_DFL, sa_mask[0]=11011111011111100000000111000110, sa_flags=none
SIGUSR2: [libjvm.dylib+0x48000a], sa_mask[0]=00000000000000000000000000000000, sa_flags=SA_RESTART|SA_SIGINFO
SIGHUP: [libjvm.dylib+0x47e5e1], sa_mask[0]=11111111011111110111111111111111, sa_flags=SA_RESTART|SA_SIGINFO
SIGINT: [libjvm.dylib+0x47e5e1], sa_mask[0]=11111111011111110111111111111111, sa_flags=SA_RESTART|SA_SIGINFO
SIGTERM: [libjvm.dylib+0x47e5e1], sa_mask[0]=11111111011111110111111111111111, sa_flags=SA_RESTART|SA_SIGINFO
SIGQUIT: [libjvm.dylib+0x47e5e1], sa_mask[0]=11111111011111110111111111111111, sa_flags=SA_RESTART|SA_SIGINFO


---------------  S Y S T E M  ---------------

OS:Bsduname:Darwin 15.6.0 Darwin Kernel Version 15.6.0: Sun Jun  4 21:43:07 PDT 2017; root:xnu-3248.70.3~1/RELEASE_X86_64 x86_64
rlimit: STACK 8192k, CORE 0k, NPROC 709, NOFILE 10240, AS infinity
load average:4.14 4.02 2.92

CPU:total 4 (2 cores per cpu, 2 threads per core) family 6 model 61 stepping 4, cmov, cx8, fxsr, mmx, sse, sse2, sse3, ssse3, sse4.1, sse4.2, popcnt, avx, avx2, aes, clmul, erms, 3dnowpref, lzcnt, ht, tsc, tscinvbit, bmi1, bmi2, adx

Memory: 4k page, physical 8388608k(956236k free)

/proc/meminfo:


vm_info: Java HotSpot(TM) 64-Bit Server VM (25.77-b03) for bsd-amd64 JRE (1.8.0_77-b03), built on Mar 20 2016 22:14:03 by "java_re" with gcc 4.2.1 (Based on Apple Inc. build 5658) (LLVM build 2336.11.00)

time: Mon Aug 21 20:08:22 2017
elapsed time: 385 seconds (0d 0h 6m 25s)

