#
# A fatal error has been detected by the Java Runtime Environment:
#
#  SIGBUS (0xa) at pc=0x00000001043d4e92, pid=908, tid=20227
#
# JRE version: Java(TM) SE Runtime Environment (8.0_77-b03) (build 1.8.0_77-b03)
# Java VM: Java HotSpot(TM) 64-Bit Server VM (25.77-b03 mixed mode bsd-amd64 compressed oops)
# Problematic frame:
# C  [libzip.dylib+0x2e92]  newEntry+0x154
#
# Failed to write core dump. Core dumps have been disabled. To enable core dumping, try "ulimit -c unlimited" before starting Java again
#
# If you would like to submit a bug report, please visit:
#   http://bugreport.java.com/bugreport/crash.jsp
# The crash happened outside the Java Virtual Machine in native code.
# See problematic frame for where to report the bug.
#

---------------  T H R E A D  ---------------

Current thread (0x00007fa6c383c000):  JavaThread "AmqpProvider:(1):[amqp://localhost:5672]" daemon [_thread_in_native, id=20227, stack(0x000070000114d000,0x000070000124d000)]

siginfo: si_signo: 10 (SIGBUS), si_code: 2 (BUS_ADRERR), si_addr: 0x000000011b6db4c7

Registers:
RAX=0x00007fa6c362d480, RBX=0x000000011b6db4bb, RCX=0x0000000000000100, RDX=0x0000000000000000
RSP=0x0000700001249f70, RBP=0x0000700001249fd0, RSI=0x00007fa6c3700000, RDI=0x0000000102994400
R8 =0x0000000000000004, R9 =0x00000000fffffff0, R10=0x0000000000000004, R11=0x00007fa6c3700000
R12=0x00007fa6c5079600, R13=0x0000000000009960, R14=0x00000000c6de292a, R15=0x00007fa6c35aaad0
RIP=0x00000001043d4e92, EFLAGS=0x0000000000010206, ERR=0x0000000000000004
  TRAPNO=0x000000000000000e

Top of Stack: (sp=0x0000700001249f70)
0x0000700001249f70:   0000700001249fa0 0000000004569ed5
0x0000700001249f80:   000070000124a000 0000700001249fd0
0x0000700001249f90:   0000700001249fb0 00007fa6c362d480
0x0000700001249fa0:   00007fa6c37185f0 00007fa6c362d480
0x0000700001249fb0:   00007fa6c5079600 0000000000009960
0x0000700001249fc0:   00000000c6de292a 00007fa6c35aaad0
0x0000700001249fd0:   000070000124a030 00000001043d552d
0x0000700001249fe0:   000070000124a085 000070000124a084
0x0000700001249ff0:   0000003500000000 000000360183c000
0x000070000124a000:   000070000124a04e 000070000124a498
0x000070000124a010:   0000000000000036 000070000124a04e
0x000070000124a020:   00007fa6c362d480 00007fa6c383c1f8
0x000070000124a030:   000070000124a480 00000001043d4238
0x000070000124a040:   000070000124a0a0 726f7fff00000001
0x000070000124a050:   6568636170612f67 72702f646970712f
0x000070000124a060:   716d612f6e6f746f 70736e6172742f70
0x000070000124a070:   74706d452f74726f 632e656d61724679
0x000070000124a080:   000000007373616c 000000000000003e
0x000070000124a090:   0000000000000000 00007fff98e1f9a0
0x000070000124a0a0:   000070000124a490 00007fff98de0653
0x000070000124a0b0:   00007000184c5cb0 00007fa6183cfee0
0x000070000124a0c0:   00007000184c5cb0 000000011ba56858
0x000070000124a0d0:   00007fa61ba0d0c0 000000001ba56758
0x000070000124a0e0:   00007000184595d8 000000011ba65570
0x000070000124a0f0:   000000011ba654f0 000000011b9e8938
0x000070000124a100:   000070000124a160 00007fff98dd5ed2
0x000070000124a110:   000070000124a2e8 000070000124a2d8
0x000070000124a120:   0000000103a0ab58 000070000124a2c8
0x000070000124a130:   000070000124a190 0000000000000000
0x000070000124a140:   0000000103a0ab5a 0000000000000043
0x000070000124a150:   0000000000000000 00007fff98e1f9a0
0x000070000124a160:   000070000124a550 00007fff98de0653 

Instructions: (pc=0x00000001043d4e92)
0x00000001043d4e72:   49 8b 7f 38 e8 5b 1b 00 00 4d 89 77 38 49 89 5f
0x00000001043d4e82:   40 4c 89 f0 48 85 c0 0f 84 11 05 00 00 48 89 c3
0x00000001043d4e92:   0f b6 43 0c 0f b6 4b 0d 48 c1 e1 08 48 01 c1 0f
0x00000001043d4ea2:   b6 43 0e 0f b6 53 0f 48 c1 e2 08 48 01 c2 48 c1 

Register to memory mapping:

RAX=0x00007fa6c362d480 is an unknown value
RBX=0x000000011b6db4bb is an unknown value
RCX=0x0000000000000100 is an unknown value
RDX=0x0000000000000000 is an unknown value
RSP=0x0000700001249f70 is pointing into the stack for thread: 0x00007fa6c383c000
RBP=0x0000700001249fd0 is pointing into the stack for thread: 0x00007fa6c383c000
RSI=0x00007fa6c3700000 is an unknown value
RDI=0x0000000102994400 is an unknown value
R8 =0x0000000000000004 is an unknown value
R9 =0x00000000fffffff0 is an unknown value
R10=0x0000000000000004 is an unknown value
R11=0x00007fa6c3700000 is an unknown value
R12=0x00007fa6c5079600 is an unknown value
R13=0x0000000000009960 is an unknown value
R14=0x00000000c6de292a is an unknown value
R15=0x00007fa6c35aaad0 is an unknown value


Stack: [0x000070000114d000,0x000070000124d000],  sp=0x0000700001249f70,  free space=1011k
Native frames: (J=compiled Java code, j=interpreted, Vv=VM code, C=native code)
C  [libzip.dylib+0x2e92]  newEntry+0x154
C  [libzip.dylib+0x352d]  ZIP_GetEntry2+0xd4
C  [libzip.dylib+0x2238]  Java_java_util_zip_ZipFile_getEntry+0xcf
J 235  java.util.zip.ZipFile.getEntry(J[BZ)J (0 bytes) @ 0x0000000104573a0e [0x0000000104573940+0xce]
J 187 C1 java.util.zip.ZipFile.getEntry(Ljava/lang/String;)Ljava/util/zip/ZipEntry; (86 bytes) @ 0x000000010455060c [0x00000001045503a0+0x26c]
J 253 C1 java.util.jar.JarFile.getEntry(Ljava/lang/String;)Ljava/util/zip/ZipEntry; (22 bytes) @ 0x000000010457b964 [0x000000010457b8e0+0x84]
J 370 C2 sun.misc.URLClassPath$JarLoader.getResource(Ljava/lang/String;Z)Lsun/misc/Resource; (85 bytes) @ 0x00000001045e2120 [0x00000001045e1f00+0x220]
J 221 C1 sun.misc.URLClassPath.getResource(Ljava/lang/String;Z)Lsun/misc/Resource; (83 bytes) @ 0x000000010456c26c [0x000000010456c100+0x16c]
J 275 C1 java.net.URLClassLoader$1.run()Ljava/lang/Class; (63 bytes) @ 0x0000000104583abc [0x00000001045838a0+0x21c]
J 274 C1 java.net.URLClassLoader$1.run()Ljava/lang/Object; (5 bytes) @ 0x00000001045842cc [0x0000000104584240+0x8c]
v  ~StubRoutines::call_stub
V  [libjvm.dylib+0x2ea39e]
V  [libjvm.dylib+0x34a8c8]
J 273  java.security.AccessController.doPrivileged(Ljava/security/PrivilegedExceptionAction;Ljava/security/AccessControlContext;)Ljava/lang/Object; (0 bytes) @ 0x0000000104584e95 [0x0000000104584dc0+0xd5]
J 222 C1 java.net.URLClassLoader.findClass(Ljava/lang/String;)Ljava/lang/Class; (47 bytes) @ 0x000000010456e994 [0x000000010456e800+0x194]
J 214 C1 java.lang.ClassLoader.loadClass(Ljava/lang/String;Z)Ljava/lang/Class; (122 bytes) @ 0x0000000104568784 [0x0000000104567e20+0x964]
J 255 C1 sun.misc.Launcher$AppClassLoader.loadClass(Ljava/lang/String;Z)Ljava/lang/Class; (85 bytes) @ 0x000000010457d0e4 [0x000000010457c740+0x9a4]
J 254 C1 java.lang.ClassLoader.loadClass(Ljava/lang/String;)Ljava/lang/Class; (7 bytes) @ 0x000000010457c384 [0x000000010457c280+0x104]
v  ~StubRoutines::call_stub
V  [libjvm.dylib+0x2ea39e]
V  [libjvm.dylib+0x2eab2c]
V  [libjvm.dylib+0x2eac84]
V  [libjvm.dylib+0x533170]
V  [libjvm.dylib+0x532909]
V  [libjvm.dylib+0x53338c]
V  [libjvm.dylib+0x533a09]
V  [libjvm.dylib+0x1e0906]
V  [libjvm.dylib+0x1f0bca]
V  [libjvm.dylib+0x2e5d7b]
j  org.apache.qpid.proton.engine.impl.FrameParser.input(Ljava/nio/ByteBuffer;)V+1418
j  org.apache.qpid.proton.engine.impl.FrameParser.process()V+20
j  org.apache.qpid.proton.engine.impl.SaslImpl$SaslTransportWrapper.reallyProcessInput()V+175
j  org.apache.qpid.proton.engine.impl.SaslImpl$SaslTransportWrapper.process()V+12
j  org.apache.qpid.proton.engine.impl.HandshakeSniffingTransportWrapper.process()V+11
j  org.apache.qpid.proton.engine.impl.TransportImpl.process()V+23
j  org.apache.qpid.proton.engine.impl.TransportImpl.processInput()Lorg/apache/qpid/proton/engine/TransportResult;+1
j  org.apache.qpid.jms.provider.amqp.AmqpProvider$18.run()V+92
j  java.util.concurrent.Executors$RunnableAdapter.call()Ljava/lang/Object;+4
j  java.util.concurrent.FutureTask.run()V+42
j  java.util.concurrent.ScheduledThreadPoolExecutor$ScheduledFutureTask.access$201(Ljava/util/concurrent/ScheduledThreadPoolExecutor$ScheduledFutureTask;)V+1
j  java.util.concurrent.ScheduledThreadPoolExecutor$ScheduledFutureTask.run()V+30
j  java.util.concurrent.ThreadPoolExecutor.runWorker(Ljava/util/concurrent/ThreadPoolExecutor$Worker;)V+95
j  java.util.concurrent.ThreadPoolExecutor$Worker.run()V+5
j  java.lang.Thread.run()V+11
v  ~StubRoutines::call_stub
V  [libjvm.dylib+0x2ea39e]
V  [libjvm.dylib+0x2eab2c]
V  [libjvm.dylib+0x2eacd8]
V  [libjvm.dylib+0x345255]
V  [libjvm.dylib+0x560e03]
V  [libjvm.dylib+0x5624fe]
V  [libjvm.dylib+0x482eda]
C  [libsystem_pthread.dylib+0x399d]  _pthread_body+0x83
C  [libsystem_pthread.dylib+0x391a]  _pthread_body+0x0
C  [libsystem_pthread.dylib+0x1351]  thread_start+0xd
C  0x0000000000000000

Java frames: (J=compiled Java code, j=interpreted, Vv=VM code)
J 235  java.util.zip.ZipFile.getEntry(J[BZ)J (0 bytes) @ 0x0000000104573998 [0x0000000104573940+0x58]
J 187 C1 java.util.zip.ZipFile.getEntry(Ljava/lang/String;)Ljava/util/zip/ZipEntry; (86 bytes) @ 0x000000010455060c [0x00000001045503a0+0x26c]
J 253 C1 java.util.jar.JarFile.getEntry(Ljava/lang/String;)Ljava/util/zip/ZipEntry; (22 bytes) @ 0x000000010457b964 [0x000000010457b8e0+0x84]
J 370 C2 sun.misc.URLClassPath$JarLoader.getResource(Ljava/lang/String;Z)Lsun/misc/Resource; (85 bytes) @ 0x00000001045e2120 [0x00000001045e1f00+0x220]
J 221 C1 sun.misc.URLClassPath.getResource(Ljava/lang/String;Z)Lsun/misc/Resource; (83 bytes) @ 0x000000010456c26c [0x000000010456c100+0x16c]
J 275 C1 java.net.URLClassLoader$1.run()Ljava/lang/Class; (63 bytes) @ 0x0000000104583abc [0x00000001045838a0+0x21c]
J 274 C1 java.net.URLClassLoader$1.run()Ljava/lang/Object; (5 bytes) @ 0x00000001045842cc [0x0000000104584240+0x8c]
v  ~StubRoutines::call_stub
J 273  java.security.AccessController.doPrivileged(Ljava/security/PrivilegedExceptionAction;Ljava/security/AccessControlContext;)Ljava/lang/Object; (0 bytes) @ 0x0000000104584e23 [0x0000000104584dc0+0x63]
J 222 C1 java.net.URLClassLoader.findClass(Ljava/lang/String;)Ljava/lang/Class; (47 bytes) @ 0x000000010456e994 [0x000000010456e800+0x194]
J 214 C1 java.lang.ClassLoader.loadClass(Ljava/lang/String;Z)Ljava/lang/Class; (122 bytes) @ 0x0000000104568784 [0x0000000104567e20+0x964]
J 255 C1 sun.misc.Launcher$AppClassLoader.loadClass(Ljava/lang/String;Z)Ljava/lang/Class; (85 bytes) @ 0x000000010457d0e4 [0x000000010457c740+0x9a4]
J 254 C1 java.lang.ClassLoader.loadClass(Ljava/lang/String;)Ljava/lang/Class; (7 bytes) @ 0x000000010457c384 [0x000000010457c280+0x104]
v  ~StubRoutines::call_stub
j  org.apache.qpid.proton.engine.impl.FrameParser.input(Ljava/nio/ByteBuffer;)V+1418
j  org.apache.qpid.proton.engine.impl.FrameParser.process()V+20
j  org.apache.qpid.proton.engine.impl.SaslImpl$SaslTransportWrapper.reallyProcessInput()V+175
j  org.apache.qpid.proton.engine.impl.SaslImpl$SaslTransportWrapper.process()V+12
j  org.apache.qpid.proton.engine.impl.HandshakeSniffingTransportWrapper.process()V+11
j  org.apache.qpid.proton.engine.impl.TransportImpl.process()V+23
j  org.apache.qpid.proton.engine.impl.TransportImpl.processInput()Lorg/apache/qpid/proton/engine/TransportResult;+1
j  org.apache.qpid.jms.provider.amqp.AmqpProvider$18.run()V+92
j  java.util.concurrent.Executors$RunnableAdapter.call()Ljava/lang/Object;+4
j  java.util.concurrent.FutureTask.run()V+42
j  java.util.concurrent.ScheduledThreadPoolExecutor$ScheduledFutureTask.access$201(Ljava/util/concurrent/ScheduledThreadPoolExecutor$ScheduledFutureTask;)V+1
j  java.util.concurrent.ScheduledThreadPoolExecutor$ScheduledFutureTask.run()V+30
j  java.util.concurrent.ThreadPoolExecutor.runWorker(Ljava/util/concurrent/ThreadPoolExecutor$Worker;)V+95
j  java.util.concurrent.ThreadPoolExecutor$Worker.run()V+5
j  java.lang.Thread.run()V+11
v  ~StubRoutines::call_stub

---------------  P R O C E S S  ---------------

Java Threads: ( => current thread )
  0x00007fa6c4235800 JavaThread "threadDeathWatcher-3-1" daemon [_thread_blocked, id=22275, stack(0x0000700001353000,0x0000700001453000)]
  0x00007fa6c4235000 JavaThread "nioEventLoopGroup-2-1" [_thread_in_native, id=21775, stack(0x0000700001250000,0x0000700001350000)]
=>0x00007fa6c383c000 JavaThread "AmqpProvider:(1):[amqp://localhost:5672]" daemon [_thread_in_native, id=20227, stack(0x000070000114d000,0x000070000124d000)]
  0x00007fa6c3822000 JavaThread "QpidJMS Connection Executor: ID:3d1954ad-a97a-434f-8937-9f5e6c2ef842:1" [_thread_blocked, id=19715, stack(0x000070000104a000,0x000070000114a000)]
  0x00007fa6c504e000 JavaThread "Service Thread" daemon [_thread_blocked, id=18691, stack(0x0000700000e44000,0x0000700000f44000)]
  0x00007fa6c504d800 JavaThread "C1 CompilerThread2" daemon [_thread_blocked, id=18179, stack(0x0000700000d41000,0x0000700000e41000)]
  0x00007fa6c504c800 JavaThread "C2 CompilerThread1" daemon [_thread_blocked, id=17667, stack(0x0000700000c3e000,0x0000700000d3e000)]
  0x00007fa6c4050800 JavaThread "C2 CompilerThread0" daemon [_thread_blocked, id=17155, stack(0x0000700000b3b000,0x0000700000c3b000)]
  0x00007fa6c4040800 JavaThread "Signal Dispatcher" daemon [_thread_blocked, id=13839, stack(0x0000700000a38000,0x0000700000b38000)]
  0x00007fa6c5011000 JavaThread "Finalizer" daemon [_thread_blocked, id=12291, stack(0x000070000082f000,0x000070000092f000)]
  0x00007fa6c500e000 JavaThread "Reference Handler" daemon [_thread_blocked, id=11779, stack(0x000070000072c000,0x000070000082c000)]
  0x00007fa6c400c000 JavaThread "main" [_thread_blocked, id=5891, stack(0x000070000011a000,0x000070000021a000)]

Other Threads:
  0x00007fa6c5009800 VMThread [stack: 0x0000700000629000,0x0000700000729000] [id=11267]
  0x00007fa6c4849800 WatcherThread [stack: 0x0000700000f47000,0x0000700001047000] [id=19203]

VM state:not at safepoint (normal execution)

VM Mutex/Monitor currently owned by a thread: None

Heap:
 PSYoungGen      total 38400K, used 27336K [0x0000000795580000, 0x000000079a080000, 0x00000007c0000000)
  eden space 33280K, 66% used [0x0000000795580000,0x0000000796b397a8,0x0000000797600000)
  from space 5120K, 99% used [0x0000000797600000,0x0000000797af89c0,0x0000000797b00000)
  to   space 5120K, 0% used [0x0000000799b80000,0x0000000799b80000,0x000000079a080000)
 ParOldGen       total 87552K, used 292K [0x0000000740000000, 0x0000000745580000, 0x0000000795580000)
  object space 87552K, 0% used [0x0000000740000000,0x0000000740049360,0x0000000745580000)
 Metaspace       used 11196K, capacity 11320K, committed 11520K, reserved 1058816K
  class space    used 1441K, capacity 1496K, committed 1536K, reserved 1048576K

Card table byte_map: [0x000000011379b000,0x0000000113b9c000] byte_map_base: 0x000000010fd9b000

Marking Bits: (ParMarkBitMap*) 0x0000000103ce3ea0
 Begin Bits: [0x0000000113e47000, 0x0000000115e47000)
 End Bits:   [0x0000000115e47000, 0x0000000117e47000)

Polling page: 0x0000000102bf5000

CodeCache: size=245760Kb used=2592Kb max_used=2592Kb free=243167Kb
 bounds [0x00000001043db000, 0x000000010466b000, 0x00000001133db000]
 total_blobs=972 nmethods=645 adapters=241
 compilation: enabled

Compilation events (10 events):
Event: 26.044 Thread 0x00007fa6c504d800  641       3       io.netty.util.internal.shaded.org.jctools.queues.BaseMpscLinkedArrayQueue::isEmpty (18 bytes)
Event: 26.045 Thread 0x00007fa6c504d800 nmethod 641 0x0000000104662a10 code [0x0000000104662b80, 0x0000000104662e30]
Event: 26.045 Thread 0x00007fa6c504d800  642       3       io.netty.util.internal.shaded.org.jctools.queues.BaseMpscLinkedArrayQueue::lvConsumerIndex (11 bytes)
Event: 26.045 Thread 0x00007fa6c504d800 nmethod 642 0x0000000104662f10 code [0x0000000104663060, 0x00000001046631d0]
Event: 28.048 Thread 0x00007fa6c504d800  643       3       java.util.concurrent.atomic.AtomicBoolean::get (13 bytes)
Event: 28.049 Thread 0x00007fa6c504d800 nmethod 643 0x0000000104663250 code [0x00000001046633c0, 0x0000000104663570]
Event: 30.522 Thread 0x00007fa6c504d800  644       3       io.netty.buffer.PoolChunk::setValue (8 bytes)
Event: 30.523 Thread 0x00007fa6c504d800 nmethod 644 0x00000001046635d0 code [0x0000000104663740, 0x00000001046638b0]
Event: 30.523 Thread 0x00007fa6c504d800  645       1       java.util.concurrent.locks.AbstractQueuedSynchronizer::getState (5 bytes)
Event: 30.523 Thread 0x00007fa6c504d800 nmethod 645 0x0000000104663990 code [0x0000000104663ae0, 0x0000000104663bf0]

GC Heap History (2 events):
Event: 0.488 GC heap before
{Heap before GC invocations=1 (full 0):
 PSYoungGen      total 38400K, used 21419K [0x0000000795580000, 0x0000000798000000, 0x00000007c0000000)
  eden space 33280K, 64% used [0x0000000795580000,0x0000000796a6af90,0x0000000797600000)
  from space 5120K, 0% used [0x0000000797b00000,0x0000000797b00000,0x0000000798000000)
  to   space 5120K, 0% used [0x0000000797600000,0x0000000797600000,0x0000000797b00000)
 ParOldGen       total 87552K, used 0K [0x0000000740000000, 0x0000000745580000, 0x0000000795580000)
  object space 87552K, 0% used [0x0000000740000000,0x0000000740000000,0x0000000745580000)
 Metaspace       used 10340K, capacity 10520K, committed 10624K, reserved 1058816K
  class space    used 1310K, capacity 1400K, committed 1408K, reserved 1048576K
Event: 0.493 GC heap after
Heap after GC invocations=1 (full 0):
 PSYoungGen      total 38400K, used 5090K [0x0000000795580000, 0x000000079a080000, 0x00000007c0000000)
  eden space 33280K, 0% used [0x0000000795580000,0x0000000795580000,0x0000000797600000)
  from space 5120K, 99% used [0x0000000797600000,0x0000000797af89c0,0x0000000797b00000)
  to   space 5120K, 0% used [0x0000000799b80000,0x0000000799b80000,0x000000079a080000)
 ParOldGen       total 87552K, used 292K [0x0000000740000000, 0x0000000745580000, 0x0000000795580000)
  object space 87552K, 0% used [0x0000000740000000,0x0000000740049360,0x0000000745580000)
 Metaspace       used 10340K, capacity 10520K, committed 10624K, reserved 1058816K
  class space    used 1310K, capacity 1400K, committed 1408K, reserved 1048576K
}

Deoptimization events (2 events):
Event: 0.437 Thread 0x00007fa6c383c000 Uncommon trap: reason=unstable_if action=reinterpret pc=0x00000001045fb740 method=java.util.HashMap.getNode(ILjava/lang/Object;)Ljava/util/HashMap$Node; @ 116
Event: 0.438 Thread 0x00007fa6c383c000 Uncommon trap: reason=unstable_if action=reinterpret pc=0x00000001045f46f4 method=java.util.HashMap.getNode(ILjava/lang/Object;)Ljava/util/HashMap$Node; @ 116

Internal exceptions (10 events):
Event: 0.155 Thread 0x00007fa6c400c000 Exception <a 'java/lang/ArrayIndexOutOfBoundsException'> (0x000000079591cfb0) thrown at [/Users/java_re/workspace/8-2-build-macosx-x86_64/jdk8u77/6540/hotspot/src/share/vm/runtime/sharedRuntime.cpp, line 605]
Event: 0.281 Thread 0x00007fa6c383c000 Exception <a 'java/lang/UnsatisfiedLinkError': io.netty.channel.epoll.Native.offsetofEpollData()I> (0x000000079601c058) thrown at [/Users/java_re/workspace/8-2-build-macosx-x86_64/jdk8u77/6540/hotspot/src/share/vm/prims/nativeLookup.cpp, line 378]
Event: 0.284 Thread 0x00007fa6c383c000 Exception <a 'java/lang/NoClassDefFoundError': org/apache/log4j/Priority> (0x00000007960397e0) thrown at [/Users/java_re/workspace/8-2-build-macosx-x86_64/jdk8u77/6540/hotspot/src/share/vm/classfile/systemDictionary.cpp, line 199]
Event: 0.285 Thread 0x00007fa6c383c000 Exception <a 'java/lang/ExceptionInInitializerError'> (0x00000007960477b8) thrown at [/Users/java_re/workspace/8-2-build-macosx-x86_64/jdk8u77/6540/hotspot/src/share/vm/oops/instanceKlass.cpp, line 953]
Event: 0.307 Thread 0x00007fa6c383c000 Exception <a 'java/lang/ClassCastException': sun.misc.Cleaner cannot be cast to java.lang.Runnable> (0x0000000796161608) thrown at [/Users/java_re/workspace/8-2-build-macosx-x86_64/jdk8u77/6540/hotspot/src/share/vm/interpreter/interpreterRuntime.cpp, line
Event: 0.428 Thread 0x00007fa6c383c000 Exception <a 'java/lang/NoSuchFieldError': method resolution failed> (0x00000007966da230) thrown at [/Users/java_re/workspace/8-2-build-macosx-x86_64/jdk8u77/6540/hotspot/src/share/vm/prims/methodHandles.cpp, line 1146]
Event: 0.430 Thread 0x00007fa6c383c000 Exception <a 'java/lang/NoSuchFieldError': method resolution failed> (0x00000007966e7920) thrown at [/Users/java_re/workspace/8-2-build-macosx-x86_64/jdk8u77/6540/hotspot/src/share/vm/prims/methodHandles.cpp, line 1146]
Event: 0.457 Thread 0x00007fa6c4235000 Exception <a 'java/lang/ArrayIndexOutOfBoundsException'> (0x00000007967dcea0) thrown at [/Users/java_re/workspace/8-2-build-macosx-x86_64/jdk8u77/6540/hotspot/src/share/vm/runtime/sharedRuntime.cpp, line 605]
Event: 0.457 Thread 0x00007fa6c4235000 Exception <a 'java/lang/ArrayIndexOutOfBoundsException'> (0x00000007967de0b8) thrown at [/Users/java_re/workspace/8-2-build-macosx-x86_64/jdk8u77/6540/hotspot/src/share/vm/runtime/sharedRuntime.cpp, line 605]
Event: 0.458 Thread 0x00007fa6c4235000 Exception <a 'java/lang/ArrayIndexOutOfBoundsException'> (0x00000007967dfae8) thrown at [/Users/java_re/workspace/8-2-build-macosx-x86_64/jdk8u77/6540/hotspot/src/share/vm/runtime/sharedRuntime.cpp, line 605]

Events (10 events):
Event: 0.549 loading class org/apache/qpid/jms/provider/amqp/AmqpProvider$6$1
Event: 0.549 loading class org/apache/qpid/jms/provider/amqp/AmqpProvider$6$1 done
Event: 0.549 loading class org/apache/qpid/jms/meta/JmsDefaultResourceVisitor
Event: 0.549 loading class org/apache/qpid/jms/meta/JmsDefaultResourceVisitor done
Event: 0.550 loading class org/apache/qpid/proton/codec/transport/FlowType$FlowWrapper
Event: 0.550 loading class org/apache/qpid/proton/codec/transport/FlowType$FlowWrapper done
Event: 4.095 Executing VM operation: EnableBiasedLocking
Event: 4.095 Executing VM operation: EnableBiasedLocking done
Event: 30.523 loading class org/apache/qpid/proton/amqp/transport/EmptyFrame
Event: 30.523 loading class org/apache/qpid/proton/amqp/transport/EmptyFrame done


Dynamic libraries:
0x0000000005734000 	/System/Library/Frameworks/Cocoa.framework/Versions/A/Cocoa
0x0000000005734000 	/System/Library/Frameworks/Security.framework/Versions/A/Security
0x0000000005734000 	/System/Library/Frameworks/ApplicationServices.framework/Versions/A/ApplicationServices
0x0000000005734000 	/usr/lib/libz.1.dylib
0x0000000005734000 	/usr/lib/libSystem.B.dylib
0x0000000005734000 	/usr/lib/libobjc.A.dylib
0x0000000005734000 	/System/Library/Frameworks/CoreFoundation.framework/Versions/A/CoreFoundation
0x0000000005734000 	/System/Library/Frameworks/Foundation.framework/Versions/C/Foundation
0x0000000005734000 	/System/Library/Frameworks/AppKit.framework/Versions/C/AppKit
0x0000000005734000 	/System/Library/Frameworks/CoreData.framework/Versions/A/CoreData
0x0000000005734000 	/System/Library/PrivateFrameworks/RemoteViewServices.framework/Versions/A/RemoteViewServices
0x0000000005734000 	/System/Library/PrivateFrameworks/UIFoundation.framework/Versions/A/UIFoundation
0x0000000005734000 	/usr/lib/libScreenReader.dylib
0x0000000005734000 	/System/Library/Frameworks/Accelerate.framework/Versions/A/Accelerate
0x0000000005734000 	/System/Library/Frameworks/IOSurface.framework/Versions/A/IOSurface
0x0000000005734000 	/System/Library/Frameworks/AudioToolbox.framework/Versions/A/AudioToolbox
0x0000000005734000 	/System/Library/Frameworks/AudioUnit.framework/Versions/A/AudioUnit
0x0000000005734000 	/System/Library/PrivateFrameworks/DataDetectorsCore.framework/Versions/A/DataDetectorsCore
0x0000000005734000 	/System/Library/PrivateFrameworks/DesktopServicesPriv.framework/Versions/A/DesktopServicesPriv
0x0000000005734000 	/System/Library/Frameworks/Carbon.framework/Versions/A/Frameworks/HIToolbox.framework/Versions/A/HIToolbox
0x0000000005734000 	/System/Library/Frameworks/QuartzCore.framework/Versions/A/QuartzCore
0x0000000005734000 	/System/Library/Frameworks/Carbon.framework/Versions/A/Frameworks/SpeechRecognition.framework/Versions/A/SpeechRecognition
0x0000000005734000 	/usr/lib/libauto.dylib
0x0000000005734000 	/usr/lib/libicucore.A.dylib
0x0000000005734000 	/usr/lib/libxml2.2.dylib
0x0000000005734000 	/System/Library/PrivateFrameworks/CoreUI.framework/Versions/A/CoreUI
0x0000000005734000 	/System/Library/Frameworks/CoreAudio.framework/Versions/A/CoreAudio
0x0000000005734000 	/System/Library/Frameworks/DiskArbitration.framework/Versions/A/DiskArbitration
0x0000000005734000 	/usr/lib/liblangid.dylib
0x0000000005734000 	/System/Library/PrivateFrameworks/MultitouchSupport.framework/Versions/A/MultitouchSupport
0x0000000005734000 	/System/Library/Frameworks/IOKit.framework/Versions/A/IOKit
0x0000000005734000 	/usr/lib/libDiagnosticMessagesClient.dylib
0x0000000005734000 	/System/Library/Frameworks/CoreServices.framework/Versions/A/CoreServices
0x0000000005734000 	/System/Library/PrivateFrameworks/PerformanceAnalysis.framework/Versions/A/PerformanceAnalysis
0x0000000005734000 	/System/Library/PrivateFrameworks/GenerationalStorage.framework/Versions/A/GenerationalStorage
0x0000000005734000 	/System/Library/Frameworks/OpenGL.framework/Versions/A/OpenGL
0x0000000005734000 	/System/Library/PrivateFrameworks/Sharing.framework/Versions/A/Sharing
0x0000000005734000 	/System/Library/Frameworks/CoreGraphics.framework/Versions/A/CoreGraphics
0x0000000005734000 	/System/Library/Frameworks/CoreImage.framework/Versions/A/CoreImage
0x0000000005734000 	/System/Library/Frameworks/CoreText.framework/Versions/A/CoreText
0x0000000005734000 	/System/Library/Frameworks/ImageIO.framework/Versions/A/ImageIO
0x0000000005734000 	/System/Library/PrivateFrameworks/Backup.framework/Versions/A/Backup
0x0000000005734000 	/usr/lib/libextension.dylib
0x0000000005734000 	/usr/lib/libarchive.2.dylib
0x0000000005734000 	/System/Library/Frameworks/CFNetwork.framework/Versions/A/CFNetwork
0x0000000005734000 	/System/Library/Frameworks/SystemConfiguration.framework/Versions/A/SystemConfiguration
0x0000000005734000 	/usr/lib/libCRFSuite.dylib
0x0000000005734000 	/usr/lib/libc++.1.dylib
0x0000000005734000 	/usr/lib/libc++abi.dylib
0x0000000005734000 	/usr/lib/system/libcache.dylib
0x0000000005734000 	/usr/lib/system/libcommonCrypto.dylib
0x0000000005734000 	/usr/lib/system/libcompiler_rt.dylib
0x0000000005734000 	/usr/lib/system/libcopyfile.dylib
0x0000000005734000 	/usr/lib/system/libcorecrypto.dylib
0x0000000005734000 	/usr/lib/system/libdispatch.dylib
0x0000000005734000 	/usr/lib/system/libdyld.dylib
0x0000000005734000 	/usr/lib/system/libkeymgr.dylib
0x0000000005734000 	/usr/lib/system/liblaunch.dylib
0x0000000005734000 	/usr/lib/system/libmacho.dylib
0x0000000005734000 	/usr/lib/system/libquarantine.dylib
0x0000000005734000 	/usr/lib/system/libremovefile.dylib
0x0000000005734000 	/usr/lib/system/libsystem_asl.dylib
0x0000000005734000 	/usr/lib/system/libsystem_blocks.dylib
0x0000000005734000 	/usr/lib/system/libsystem_c.dylib
0x0000000005734000 	/usr/lib/system/libsystem_configuration.dylib
0x0000000005734000 	/usr/lib/system/libsystem_coreservices.dylib
0x0000000005734000 	/usr/lib/system/libsystem_coretls.dylib
0x0000000005734000 	/usr/lib/system/libsystem_dnssd.dylib
0x0000000005734000 	/usr/lib/system/libsystem_info.dylib
0x0000000005734000 	/usr/lib/system/libsystem_kernel.dylib
0x0000000005734000 	/usr/lib/system/libsystem_m.dylib
0x0000000005734000 	/usr/lib/system/libsystem_malloc.dylib
0x0000000005734000 	/usr/lib/system/libsystem_network.dylib
0x0000000005734000 	/usr/lib/system/libsystem_networkextension.dylib
0x0000000005734000 	/usr/lib/system/libsystem_notify.dylib
0x0000000005734000 	/usr/lib/system/libsystem_platform.dylib
0x0000000005734000 	/usr/lib/system/libsystem_pthread.dylib
0x0000000005734000 	/usr/lib/system/libsystem_sandbox.dylib
0x0000000005734000 	/usr/lib/system/libsystem_secinit.dylib
0x0000000005734000 	/usr/lib/system/libsystem_trace.dylib
0x0000000005734000 	/usr/lib/system/libunc.dylib
0x0000000005734000 	/usr/lib/system/libunwind.dylib
0x0000000005734000 	/usr/lib/system/libxpc.dylib
0x0000000005734000 	/usr/lib/libenergytrace.dylib
0x0000000005734000 	/usr/lib/libbsm.0.dylib
0x0000000005734000 	/usr/lib/system/libkxld.dylib
0x0000000005734000 	/usr/lib/libxar.1.dylib
0x0000000005734000 	/usr/lib/libsqlite3.dylib
0x0000000005734000 	/usr/lib/libpam.2.dylib
0x0000000005734000 	/usr/lib/libOpenScriptingUtil.dylib
0x0000000005734000 	/usr/lib/libbz2.1.0.dylib
0x0000000005734000 	/usr/lib/liblzma.5.dylib
0x0000000005734000 	/System/Library/Frameworks/CoreServices.framework/Versions/A/Frameworks/FSEvents.framework/Versions/A/FSEvents
0x0000000005734000 	/System/Library/Frameworks/CoreServices.framework/Versions/A/Frameworks/CarbonCore.framework/Versions/A/CarbonCore
0x0000000005734000 	/System/Library/Frameworks/CoreServices.framework/Versions/A/Frameworks/Metadata.framework/Versions/A/Metadata
0x0000000005734000 	/System/Library/Frameworks/CoreServices.framework/Versions/A/Frameworks/OSServices.framework/Versions/A/OSServices
0x0000000005734000 	/System/Library/Frameworks/CoreServices.framework/Versions/A/Frameworks/SearchKit.framework/Versions/A/SearchKit
0x0000000005734000 	/System/Library/Frameworks/CoreServices.framework/Versions/A/Frameworks/AE.framework/Versions/A/AE
0x0000000005734000 	/System/Library/Frameworks/CoreServices.framework/Versions/A/Frameworks/LaunchServices.framework/Versions/A/LaunchServices
0x0000000005734000 	/System/Library/Frameworks/CoreServices.framework/Versions/A/Frameworks/DictionaryServices.framework/Versions/A/DictionaryServices
0x0000000005734000 	/System/Library/Frameworks/CoreServices.framework/Versions/A/Frameworks/SharedFileList.framework/Versions/A/SharedFileList
0x0000000005734000 	/System/Library/Frameworks/NetFS.framework/Versions/A/NetFS
0x0000000005734000 	/System/Library/PrivateFrameworks/NetAuth.framework/Versions/A/NetAuth
0x0000000005734000 	/System/Library/PrivateFrameworks/login.framework/Versions/A/Frameworks/loginsupport.framework/Versions/A/loginsupport
0x0000000005734000 	/System/Library/PrivateFrameworks/TCC.framework/Versions/A/TCC
0x0000000005734000 	/usr/lib/libmecabra.dylib
0x0000000005734000 	/System/Library/Frameworks/ApplicationServices.framework/Versions/A/Frameworks/ATS.framework/Versions/A/ATS
0x0000000005734000 	/System/Library/Frameworks/ApplicationServices.framework/Versions/A/Frameworks/ColorSync.framework/Versions/A/ColorSync
0x0000000005734000 	/System/Library/Frameworks/ApplicationServices.framework/Versions/A/Frameworks/HIServices.framework/Versions/A/HIServices
0x0000000005734000 	/System/Library/Frameworks/ApplicationServices.framework/Versions/A/Frameworks/LangAnalysis.framework/Versions/A/LangAnalysis
0x0000000005734000 	/System/Library/Frameworks/ApplicationServices.framework/Versions/A/Frameworks/PrintCore.framework/Versions/A/PrintCore
0x0000000005734000 	/System/Library/Frameworks/ApplicationServices.framework/Versions/A/Frameworks/QD.framework/Versions/A/QD
0x0000000005734000 	/System/Library/Frameworks/ApplicationServices.framework/Versions/A/Frameworks/SpeechSynthesis.framework/Versions/A/SpeechSynthesis
0x0000000005734000 	/System/Library/Frameworks/Metal.framework/Versions/A/Metal
0x0000000005734000 	/System/Library/Frameworks/Accelerate.framework/Versions/A/Frameworks/vImage.framework/Versions/A/vImage
0x0000000005734000 	/System/Library/Frameworks/Accelerate.framework/Versions/A/Frameworks/vecLib.framework/Versions/A/vecLib
0x0000000005734000 	/System/Library/Frameworks/Accelerate.framework/Versions/A/Frameworks/vecLib.framework/Versions/A/libvDSP.dylib
0x0000000005734000 	/System/Library/Frameworks/Accelerate.framework/Versions/A/Frameworks/vecLib.framework/Versions/A/libvMisc.dylib
0x0000000005734000 	/System/Library/Frameworks/Accelerate.framework/Versions/A/Frameworks/vecLib.framework/Versions/A/libLAPACK.dylib
0x0000000005734000 	/System/Library/Frameworks/Accelerate.framework/Versions/A/Frameworks/vecLib.framework/Versions/A/libBLAS.dylib
0x0000000005734000 	/System/Library/Frameworks/Accelerate.framework/Versions/A/Frameworks/vecLib.framework/Versions/A/libLinearAlgebra.dylib
0x0000000005734000 	/System/Library/Frameworks/Accelerate.framework/Versions/A/Frameworks/vecLib.framework/Versions/A/libSparseBLAS.dylib
0x0000000005734000 	/System/Library/PrivateFrameworks/GPUCompiler.framework/libmetal_timestamp.dylib
0x0000000005734000 	/System/Library/Frameworks/OpenGL.framework/Versions/A/Libraries/libCoreFSCache.dylib
0x0000000005734000 	/System/Library/PrivateFrameworks/IOAccelerator.framework/Versions/A/IOAccelerator
0x0000000005734000 	/System/Library/Frameworks/ApplicationServices.framework/Versions/A/Frameworks/ATS.framework/Versions/A/Resources/libFontParser.dylib
0x0000000005734000 	/System/Library/Frameworks/ApplicationServices.framework/Versions/A/Frameworks/ATS.framework/Versions/A/Resources/libFontRegistry.dylib
0x0000000005734000 	/System/Library/PrivateFrameworks/AppleVPA.framework/Versions/A/AppleVPA
0x0000000005734000 	/System/Library/PrivateFrameworks/AppleJPEG.framework/Versions/A/AppleJPEG
0x0000000005734000 	/System/Library/Frameworks/ImageIO.framework/Versions/A/Resources/libJPEG.dylib
0x0000000005734000 	/System/Library/Frameworks/ImageIO.framework/Versions/A/Resources/libTIFF.dylib
0x0000000005734000 	/System/Library/Frameworks/ImageIO.framework/Versions/A/Resources/libPng.dylib
0x0000000005734000 	/System/Library/Frameworks/ImageIO.framework/Versions/A/Resources/libGIF.dylib
0x0000000005734000 	/System/Library/Frameworks/ImageIO.framework/Versions/A/Resources/libJP2.dylib
0x0000000005734000 	/System/Library/Frameworks/ImageIO.framework/Versions/A/Resources/libRadiance.dylib
0x0000000005734000 	/System/Library/Frameworks/CoreVideo.framework/Versions/A/CoreVideo
0x0000000005734000 	/System/Library/Frameworks/OpenGL.framework/Versions/A/Libraries/libGLU.dylib
0x0000000005734000 	/System/Library/Frameworks/OpenGL.framework/Versions/A/Libraries/libGFXShared.dylib
0x0000000005734000 	/System/Library/Frameworks/OpenGL.framework/Versions/A/Libraries/libGL.dylib
0x0000000005734000 	/System/Library/Frameworks/OpenGL.framework/Versions/A/Libraries/libGLImage.dylib
0x0000000005734000 	/System/Library/Frameworks/OpenGL.framework/Versions/A/Libraries/libCVMSPluginSupport.dylib
0x0000000005734000 	/System/Library/Frameworks/OpenGL.framework/Versions/A/Libraries/libCoreVMClient.dylib
0x0000000005734000 	/usr/lib/libcompression.dylib
0x0000000005734000 	/usr/lib/libcups.2.dylib
0x0000000005734000 	/System/Library/Frameworks/Kerberos.framework/Versions/A/Kerberos
0x0000000005734000 	/System/Library/Frameworks/GSS.framework/Versions/A/GSS
0x0000000005734000 	/usr/lib/libresolv.9.dylib
0x0000000005734000 	/usr/lib/libiconv.2.dylib
0x0000000005734000 	/System/Library/PrivateFrameworks/Heimdal.framework/Versions/A/Heimdal
0x0000000005734000 	/usr/lib/libheimdal-asn1.dylib
0x0000000005734000 	/System/Library/Frameworks/OpenDirectory.framework/Versions/A/OpenDirectory
0x0000000005734000 	/System/Library/PrivateFrameworks/CommonAuth.framework/Versions/A/CommonAuth
0x0000000005734000 	/System/Library/Frameworks/OpenDirectory.framework/Versions/A/Frameworks/CFOpenDirectory.framework/Versions/A/CFOpenDirectory
0x0000000005734000 	/System/Library/Frameworks/SecurityFoundation.framework/Versions/A/SecurityFoundation
0x0000000005734000 	/System/Library/PrivateFrameworks/LanguageModeling.framework/Versions/A/LanguageModeling
0x0000000005734000 	/usr/lib/libmarisa.dylib
0x0000000005734000 	/usr/lib/libChineseTokenizer.dylib
0x0000000005734000 	/usr/lib/libcmph.dylib
0x0000000005734000 	/System/Library/Frameworks/ServiceManagement.framework/Versions/A/ServiceManagement
0x0000000005734000 	/usr/lib/libxslt.1.dylib
0x0000000005734000 	/System/Library/Frameworks/Carbon.framework/Versions/A/Frameworks/Ink.framework/Versions/A/Ink
0x0000000005734000 	/usr/lib/libFosl_dynamic.dylib
0x0000000005734000 	/System/Library/PrivateFrameworks/FaceCore.framework/Versions/A/FaceCore
0x0000000005734000 	/System/Library/Frameworks/OpenCL.framework/Versions/A/OpenCL
0x0000000005734000 	/System/Library/PrivateFrameworks/CrashReporterSupport.framework/Versions/A/CrashReporterSupport
0x0000000005734000 	/System/Library/PrivateFrameworks/IconServices.framework/Versions/A/IconServices
0x0000000005734000 	/System/Library/PrivateFrameworks/Apple80211.framework/Versions/A/Apple80211
0x0000000005734000 	/System/Library/Frameworks/CoreWLAN.framework/Versions/A/CoreWLAN
0x0000000005734000 	/System/Library/Frameworks/IOBluetooth.framework/Versions/A/IOBluetooth
0x0000000005734000 	/System/Library/PrivateFrameworks/CoreWiFi.framework/Versions/A/CoreWiFi
0x0000000005734000 	/System/Library/Frameworks/CoreBluetooth.framework/Versions/A/CoreBluetooth
0x0000000005734000 	/System/Library/PrivateFrameworks/ChunkingLibrary.framework/Versions/A/ChunkingLibrary
0x0000000005734000 	/System/Library/PrivateFrameworks/DebugSymbols.framework/Versions/A/DebugSymbols
0x0000000005734000 	/System/Library/PrivateFrameworks/CoreSymbolication.framework/Versions/A/CoreSymbolication
0x0000000005734000 	/System/Library/PrivateFrameworks/Symbolication.framework/Versions/A/Symbolication
0x0000000005734000 	/System/Library/PrivateFrameworks/SpeechRecognitionCore.framework/Versions/A/SpeechRecognitionCore
0x0000000103400000 	/Library/Java/JavaVirtualMachines/jdk1.8.0_77.jdk/Contents/Home/jre/lib/server/libjvm.dylib
0x0000000005734000 	/usr/lib/libstdc++.6.dylib
0x000000010438f000 	/Library/Java/JavaVirtualMachines/jdk1.8.0_77.jdk/Contents/Home/jre/lib/libverify.dylib
0x000000010439d000 	/Library/Java/JavaVirtualMachines/jdk1.8.0_77.jdk/Contents/Home/jre/lib/libjava.dylib
0x00000001043d2000 	/Library/Java/JavaVirtualMachines/jdk1.8.0_77.jdk/Contents/Home/jre/lib/libzip.dylib
0x0000000119d3d000 	/System/Library/Frameworks/JavaVM.framework/Frameworks/JavaRuntimeSupport.framework/JavaRuntimeSupport
0x0000000119d58000 	/System/Library/Frameworks/JavaVM.framework/Versions/A/Frameworks/JavaNativeFoundation.framework/Versions/A/JavaNativeFoundation
0x0000000119d6d000 	/System/Library/Frameworks/JavaVM.framework/Versions/A/JavaVM
0x0000000005734000 	/System/Library/Frameworks/Carbon.framework/Versions/A/Carbon
0x0000000119d7a000 	/System/Library/PrivateFrameworks/JavaLaunching.framework/Versions/A/JavaLaunching
0x0000000005734000 	/System/Library/Frameworks/Carbon.framework/Versions/A/Frameworks/CommonPanels.framework/Versions/A/CommonPanels
0x0000000005734000 	/System/Library/Frameworks/Carbon.framework/Versions/A/Frameworks/Help.framework/Versions/A/Help
0x0000000005734000 	/System/Library/Frameworks/Carbon.framework/Versions/A/Frameworks/ImageCapture.framework/Versions/A/ImageCapture
0x0000000005734000 	/System/Library/Frameworks/Carbon.framework/Versions/A/Frameworks/OpenScripting.framework/Versions/A/OpenScripting
0x0000000005734000 	/System/Library/Frameworks/Carbon.framework/Versions/A/Frameworks/Print.framework/Versions/A/Print
0x0000000005734000 	/System/Library/Frameworks/Carbon.framework/Versions/A/Frameworks/SecurityHI.framework/Versions/A/SecurityHI
0x000000011b8ff000 	/Library/Java/JavaVirtualMachines/jdk1.8.0_77.jdk/Contents/Home/jre/lib/libnet.dylib
0x000000011b95e000 	/Library/Java/JavaVirtualMachines/jdk1.8.0_77.jdk/Contents/Home/jre/lib/libnio.dylib
0x000000011b96e000 	/Library/Java/JavaVirtualMachines/jdk1.8.0_77.jdk/Contents/Home/jre/lib/libmanagement.dylib

VM Arguments:
java_command: example.Listener
java_class_path (initial): target/amqp-example-0.1-SNAPSHOT.jar
Launcher Type: SUN_STANDARD

Environment Variables:
JAVA_HOME=/Library/Java/JavaVirtualMachines/jdk1.8.0_77.jdk/Contents/Home
PATH=/Users/gangshen/Downloads/apache-maven-3.3.9/bin:/usr/local/bin:/usr/bin:/bin:/usr/sbin:/sbin
SHELL=/bin/bash

Signal Handlers:
SIGSEGV: [libjvm.dylib+0x5a6855], sa_mask[0]=11111111011111110111111111111111, sa_flags=SA_ONSTACK|SA_RESTART|SA_SIGINFO
SIGBUS: [libjvm.dylib+0x5a6855], sa_mask[0]=11111111011111110111111111111111, sa_flags=SA_RESTART|SA_SIGINFO
SIGFPE: [libjvm.dylib+0x4804ec], sa_mask[0]=11111111011111110111111111111111, sa_flags=SA_RESTART|SA_SIGINFO
SIGPIPE: [libjvm.dylib+0x4804ec], sa_mask[0]=11111111011111110111111111111111, sa_flags=SA_RESTART|SA_SIGINFO
SIGXFSZ: [libjvm.dylib+0x4804ec], sa_mask[0]=11111111011111110111111111111111, sa_flags=SA_RESTART|SA_SIGINFO
SIGILL: [libjvm.dylib+0x4804ec], sa_mask[0]=11111111011111110111111111111111, sa_flags=SA_RESTART|SA_SIGINFO
SIGUSR1: SIG_DFL, sa_mask[0]=11011111011111100000000111000110, sa_flags=none
SIGUSR2: [libjvm.dylib+0x48000a], sa_mask[0]=00000000000000000000000000000000, sa_flags=SA_RESTART|SA_SIGINFO
SIGHUP: [libjvm.dylib+0x47e5e1], sa_mask[0]=11111111011111110111111111111111, sa_flags=SA_RESTART|SA_SIGINFO
SIGINT: [libjvm.dylib+0x47e5e1], sa_mask[0]=11111111011111110111111111111111, sa_flags=SA_RESTART|SA_SIGINFO
SIGTERM: [libjvm.dylib+0x47e5e1], sa_mask[0]=11111111011111110111111111111111, sa_flags=SA_RESTART|SA_SIGINFO
SIGQUIT: [libjvm.dylib+0x47e5e1], sa_mask[0]=11111111011111110111111111111111, sa_flags=SA_RESTART|SA_SIGINFO


---------------  S Y S T E M  ---------------

OS:Bsduname:Darwin 15.6.0 Darwin Kernel Version 15.6.0: Sun Jun  4 21:43:07 PDT 2017; root:xnu-3248.70.3~1/RELEASE_X86_64 x86_64
rlimit: STACK 8192k, CORE 0k, NPROC 709, NOFILE 10240, AS infinity
load average:1.88 1.84 1.85

CPU:total 4 (2 cores per cpu, 2 threads per core) family 6 model 61 stepping 4, cmov, cx8, fxsr, mmx, sse, sse2, sse3, ssse3, sse4.1, sse4.2, popcnt, avx, avx2, aes, clmul, erms, 3dnowpref, lzcnt, ht, tsc, tscinvbit, bmi1, bmi2, adx

Memory: 4k page, physical 8388608k(180356k free)

/proc/meminfo:


vm_info: Java HotSpot(TM) 64-Bit Server VM (25.77-b03) for bsd-amd64 JRE (1.8.0_77-b03), built on Mar 20 2016 22:14:03 by "java_re" with gcc 4.2.1 (Based on Apple Inc. build 5658) (LLVM build 2336.11.00)

time: Sat Aug 19 11:15:51 2017
elapsed time: 30 seconds (0d 0h 0m 30s)

